From buildd@fano.debian.org Fri Jul 08 05:13:13 2011
Return-path: <buildd@fano.debian.org>
Received: from kokkonen.debian.org ([2001:41b8:202:deb:1a1a:0:52c3:4b61])
	from C=NA, ST=NA, L=Ankh Morpork, O=Debian SMTP, OU=Debian SMTP CA,
	CN=kokkonen.debian.org,
	EMAIL=hostmaster@kokkonen.debian.org (verified)
	by grieg.debian.org with esmtps (TLS1.0:RSA_AES_256_CBC_SHA1:32)
	(Exim 4.72) (envelope-from <buildd@fano.debian.org>)
	id 1Qf3NJ-0004DO-Bk
	for logs@buildd.debian.org; Fri, 08 Jul 2011 05:13:13 +0000
Received: from fano.debian.org ([206.12.19.110])
	from C=NA, ST=NA, L=Ankh Morpork, O=Debian SMTP, OU=Debian SMTP CA,
	CN=fano.debian.org, EMAIL=hostmaster@fano.debian.org (verified)
	by kokkonen.debian.org with esmtps (TLS1.0:RSA_AES_256_CBC_SHA1:32)
	(Exim 4.72) (envelope-from <buildd@fano.debian.org>)
	id 1Qf3NH-0001F0-UK; Fri, 08 Jul 2011 05:13:12 +0000
Received: from buildd by fano.debian.org with local (Exim 4.72)
	(envelope-from <buildd@fano.debian.org>)
	id 1Qf3NF-0005Ea-MW; Fri, 08 Jul 2011 05:13:09 +0000
Message-Id: <E1Qf3NF-0005Ea-MW@fano.debian.org>
MIME-Version: 1.0
Content-Transfer-Encoding: binary
X-Mailer: MIME::Lite 3.027 (F2.77; B3.08; Q3.08)
Date: Fri, 8 Jul 2011 05:13:09 +0000
From: buildd on fano <buildd@fano.debian.org>
To: logs@buildd.debian.org,aurelien@aurel32.net,christoph@debian.org
Subject: Log for successful build of fastx-toolkit_0.0.13.1-1 on
	kfreebsd-amd64 (dist=sid)
Key-Id: 91116966
Delivered-To: logs@buildd.debian.org

sbuild (Debian sbuild) 0.61.0 (23 Feb 2011) on fano.debian.org

╔══════════════════════════════════════════════════════════════════════════════╗
║ fastx-toolkit 0.0.13.1-1 (kfreebsd-amd64)                  08 Jul 2011 05:10 ║
╚══════════════════════════════════════════════════════════════════════════════╝

Package: fastx-toolkit
Version: 0.0.13.1-1
Source Version: 0.0.13.1-1
Architecture: kfreebsd-amd64
Get:1 http://incoming.debian.org sid InRelease [146 kB]
Get:2 http://mirror-ubc.debian.org sid InRelease [146 kB]
Get:3 http://mirror-ubc.debian.org sid/main Sources/DiffIndex [2038 B]
Ign http://incoming.debian.org  InRelease
Hit http://mirror-ubc.debian.org sid/contrib Sources/DiffIndex
Hit http://mirror-ubc.debian.org sid/non-free Sources/DiffIndex
Get:4 http://mirror-ubc.debian.org sid/main kfreebsd-amd64 Packages/DiffIndex [2038 B]
Hit http://mirror-ubc.debian.org sid/contrib kfreebsd-amd64 Packages/DiffIndex
Hit http://mirror-ubc.debian.org sid/non-free kfreebsd-amd64 Packages/DiffIndex
Ign http://mirror-ubc.debian.org sid/contrib TranslationIndex
Get:5 http://mirror-ubc.debian.org sid/main TranslationIndex [2045 B]
Ign http://mirror-ubc.debian.org sid/non-free TranslationIndex
Get:6 http://mirror-ubc.debian.org sid/main 2011-07-08-0211.10.pdiff [9122 B]
Get:7 http://incoming.debian.org  Release.gpg [836 B]
Get:8 http://mirror-ubc.debian.org sid/main 2011-07-08-0211.10.pdiff [9122 B]
Get:9 http://mirror-ubc.debian.org sid/main kfreebsd-amd64 2011-07-08-0211.10.pdiff [15.1 kB]
Get:10 http://mirror-ubc.debian.org sid/non-free kfreebsd-amd64 Packages [82.8 kB]
Ign http://mirror-ubc.debian.org sid/contrib Translation-en
Ign http://mirror-ubc.debian.org sid/non-free Translation-en
Get:11 http://incoming.debian.org sid/main Sources/DiffIndex [2038 B]
Hit http://incoming.debian.org sid/contrib Sources/DiffIndex
Hit http://incoming.debian.org sid/non-free Sources/DiffIndex
Get:12 http://incoming.debian.org sid/main kfreebsd-amd64 Packages/DiffIndex [2038 B]
Hit http://incoming.debian.org sid/contrib kfreebsd-amd64 Packages/DiffIndex
Hit http://incoming.debian.org sid/non-free kfreebsd-amd64 Packages/DiffIndex
Ign http://incoming.debian.org sid/contrib TranslationIndex
Get:13 http://incoming.debian.org sid/main TranslationIndex [2045 B]
Ign http://incoming.debian.org sid/non-free TranslationIndex
Get:14 http://incoming.debian.org  Release [1604 B]
Get:15 http://incoming.debian.org sid/main 2011-07-08-0211.10.pdiff [9122 B]
Get:16 http://incoming.debian.org sid/main kfreebsd-amd64 2011-07-08-0211.10.pdiff [15.1 kB]
Get:17 http://mirror-ubc.debian.org sid/main kfreebsd-amd64 2011-07-08-0211.10.pdiff [15.1 kB]
Get:18 http://incoming.debian.org sid/non-free kfreebsd-amd64 Packages [82.8 kB]
Get:19 http://incoming.debian.org  Sources [28.2 kB]
Get:20 http://incoming.debian.org  Packages [297 kB]
Get:21 http://incoming.debian.org sid/main 2011-07-08-0211.10.pdiff [9122 B]
Ign http://incoming.debian.org sid/contrib Translation-en
Ign http://incoming.debian.org sid/non-free Translation-en
Ign http://incoming.debian.org  Translation-en
Get:22 http://incoming.debian.org sid/main kfreebsd-amd64 2011-07-08-0211.10.pdiff [15.1 kB]
Fetched 845 kB in 12s (67.9 kB/s)
Reading package lists...

┌──────────────────────────────────────────────────────────────────────────────┐
│ Fetch source files                                                           │
└──────────────────────────────────────────────────────────────────────────────┘


Check APT
─────────

Checking available source versions...

Download source files with APT
──────────────────────────────

Reading package lists...
Building dependency tree...
Reading state information...
NOTICE: 'fastx-toolkit' packaging is maintained in the 'Git' version control system at:
git://git.debian.org/debian-med/fastx-toolkit.git
Need to get 1170 kB of source archives.
Get:1 http://incoming.debian.org/buildd-unstable/  fastx-toolkit 0.0.13.1-1 (dsc) [2023 B]
Get:2 http://incoming.debian.org/buildd-unstable/  fastx-toolkit 0.0.13.1-1 (tar) [1153 kB]
Get:3 http://incoming.debian.org/buildd-unstable/  fastx-toolkit 0.0.13.1-1 (diff) [14.3 kB]
Fetched 1170 kB in 1s (599 kB/s)
Download complete and in download only mode

Check arch
──────────


┌──────────────────────────────────────────────────────────────────────────────┐
│ Install core build dependencies (internal resolver)                          │
└──────────────────────────────────────────────────────────────────────────────┘

Build-Depends: build-essential, fakeroot
Checking for already installed dependencies...
build-essential: already installed (11.5)
fakeroot: already installed (1.16-1)
Checking for dependency conflicts...
Installing positive dependencies: 
Reading package lists...
Building dependency tree...
Reading state information...
0 upgraded, 0 newly installed, 0 to remove and 0 not upgraded.
Removing negative dependencies: 
Reading package lists...
Building dependency tree...
Reading state information...
0 upgraded, 0 newly installed, 0 to remove and 0 not upgraded.
Checking correctness of dependencies...

┌──────────────────────────────────────────────────────────────────────────────┐
│ Install fastx-toolkit build dependencies (internal resolver)                 │
└──────────────────────────────────────────────────────────────────────────────┘

Build-Depends: base-files, base-passwd, bash, coreutils, dash, debianutils, diffutils, dpkg, e2fsprogs, findutils, freebsd-utils, grep, gzip, hostname, ncurses-base, ncurses-bin, perl-base, sed, login, sysvinit-utils, sysvinit, tar, bsdutils, util-linux, libc6-dev | libc-dev, gcc (>= 4:4.4.3), g++ (>= 4:4.4.3), make, dpkg-dev (>= 1.13.5), cdbs, debhelper (>= 8), autotools-dev, pkg-config, libgtextutils-dev
Checking for already installed dependencies...
base-files: already installed (6.4)
base-passwd: already installed (3.5.22)
bash: already installed (4.1-3)
coreutils: already installed (8.5-1)
dash: already installed (0.5.5.1-7.4)
debianutils: already installed (4.0.2)
diffutils: already installed (1:3.0-1)
dpkg: already installed (1.16.0.3)
e2fsprogs: already installed (1.42~WIP-2011-07-02-1)
findutils: already installed (4.4.2-1)
freebsd-utils: already installed (8.2+ds1-2)
grep: already installed (2.8-2)
gzip: already installed (1.3.12-9)
hostname: already installed (3.06)
ncurses-base: already installed (5.9-1)
ncurses-bin: already installed (5.9-1)
perl-base: already installed (5.12.4-1)
sed: already installed (4.2.1-9)
login: already installed (1:4.1.4.2+svn3283-3)
sysvinit-utils: already installed (2.88dsf-13.10)
sysvinit: already installed (2.88dsf-13.10)
tar: already installed (1.25-3)
bsdutils: already installed (1:2.17.2-9.1)
util-linux: already installed (2.17.2-9.1)
libc6-dev: already installed (~*=PROVIDED=*=)
gcc: already installed (4:4.6.0-6 >= 4:4.4.3 is satisfied)
g++: already installed (4:4.6.0-6 >= 4:4.4.3 is satisfied)
make: already installed (3.81-8.1)
dpkg-dev: already installed (1.16.0.3 >= 1.13.5 is satisfied)
cdbs: missing
debhelper: missing
Using default version 8.9.0
autotools-dev: missing
pkg-config: missing
libgtextutils-dev: missing
Checking for dependency conflicts...
Installing positive dependencies: cdbs debhelper autotools-dev pkg-config libgtextutils-dev
Reading package lists...
Building dependency tree...
Reading state information...
The following extra packages will be installed:
  file gettext gettext-base groff-base html2text intltool-debian libcroco3
  libglib2.0-0 libgtextutils0 libmagic1 libpcre3 libpipeline1 libpopt0
  libunistring0 libxml2 man-db po-debconf
Suggested packages:
  devscripts dh-make gettext-doc groff less www-browser libmail-box-perl
Recommended packages:
  curl wget lynx-cur autopoint libglib2.0-data shared-mime-info xml-core
  libmail-sendmail-perl
The following NEW packages will be installed:
  autotools-dev cdbs debhelper file gettext gettext-base groff-base html2text
  intltool-debian libcroco3 libglib2.0-0 libgtextutils-dev libgtextutils0
  libmagic1 libpcre3 libpipeline1 libpopt0 libunistring0 libxml2 man-db
  pkg-config po-debconf
0 upgraded, 22 newly installed, 0 to remove and 0 not upgraded.
Need to get 47.2 kB/9253 kB of archives.
After this operation, 26.3 MB of additional disk space will be used.
Get:1 http://mirror-ubc.debian.org/debian/ sid/main libgtextutils0 kfreebsd-amd64 0.6.2-1 [21.1 kB]
Get:2 http://mirror-ubc.debian.org/debian/ sid/main libgtextutils-dev kfreebsd-amd64 0.6.2-1 [26.1 kB]
debconf: delaying package configuration, since apt-utils is not installed
Fetched 47.2 kB in 0s (272 kB/s)
Selecting previously deselected package libpipeline1.
(Reading database ... 12271 files and directories currently installed.)
Unpacking libpipeline1 (from .../libpipeline1_1.2.0-3_kfreebsd-amd64.deb) ...
Selecting previously deselected package groff-base.
Unpacking groff-base (from .../groff-base_1.21-6_kfreebsd-amd64.deb) ...
Selecting previously deselected package libpopt0.
Unpacking libpopt0 (from .../libpopt0_1.16-1_kfreebsd-amd64.deb) ...
Selecting previously deselected package man-db.
Unpacking man-db (from .../man-db_2.6.0.2-1_kfreebsd-amd64.deb) ...
Selecting previously deselected package libmagic1.
Unpacking libmagic1 (from .../libmagic1_5.04-5+b1_kfreebsd-amd64.deb) ...
Selecting previously deselected package file.
Unpacking file (from .../file_5.04-5+b1_kfreebsd-amd64.deb) ...
Selecting previously deselected package gettext-base.
Unpacking gettext-base (from .../gettext-base_0.18.1.1-3_kfreebsd-amd64.deb) ...
Selecting previously deselected package libpcre3.
Unpacking libpcre3 (from .../libpcre3_8.12-3_kfreebsd-amd64.deb) ...
Selecting previously deselected package libxml2.
Unpacking libxml2 (from .../libxml2_2.7.8.dfsg-3_kfreebsd-amd64.deb) ...
Selecting previously deselected package autotools-dev.
Unpacking autotools-dev (from .../autotools-dev_20110511.1_all.deb) ...
Selecting previously deselected package html2text.
Unpacking html2text (from .../html2text_1.3.2a-15_kfreebsd-amd64.deb) ...
Selecting previously deselected package libglib2.0-0.
Unpacking libglib2.0-0 (from .../libglib2.0-0_2.28.6-1_kfreebsd-amd64.deb) ...
Selecting previously deselected package libcroco3.
Unpacking libcroco3 (from .../libcroco3_0.6.2-1_kfreebsd-amd64.deb) ...
Selecting previously deselected package libunistring0.
Unpacking libunistring0 (from .../libunistring0_0.9.3-4_kfreebsd-amd64.deb) ...
Selecting previously deselected package gettext.
Unpacking gettext (from .../gettext_0.18.1.1-3_kfreebsd-amd64.deb) ...
Selecting previously deselected package intltool-debian.
Unpacking intltool-debian (from .../intltool-debian_0.35.0+20060710.1_all.deb) ...
Selecting previously deselected package po-debconf.
Unpacking po-debconf (from .../po-debconf_1.0.16+nmu1_all.deb) ...
Selecting previously deselected package debhelper.
Unpacking debhelper (from .../debhelper_8.9.0_all.deb) ...
Selecting previously deselected package cdbs.
Unpacking cdbs (from .../archives/cdbs_0.4.94_all.deb) ...
Selecting previously deselected package libgtextutils0.
Unpacking libgtextutils0 (from .../libgtextutils0_0.6.2-1_kfreebsd-amd64.deb) ...
Selecting previously deselected package libgtextutils-dev.
Unpacking libgtextutils-dev (from .../libgtextutils-dev_0.6.2-1_kfreebsd-amd64.deb) ...
Selecting previously deselected package pkg-config.
Unpacking pkg-config (from .../pkg-config_0.26-1_kfreebsd-amd64.deb) ...
Setting up libpipeline1 (1.2.0-3) ...
Setting up groff-base (1.21-6) ...
Setting up libpopt0 (1.16-1) ...
Setting up man-db (2.6.0.2-1) ...
Building database of manual pages ...
Setting up libmagic1 (5.04-5+b1) ...
Setting up file (5.04-5+b1) ...
Setting up gettext-base (0.18.1.1-3) ...
Setting up libpcre3 (8.12-3) ...
Setting up libxml2 (2.7.8.dfsg-3) ...
Setting up autotools-dev (20110511.1) ...
Setting up html2text (1.3.2a-15) ...
Setting up libglib2.0-0 (2.28.6-1) ...
No schema files found: doing nothing.
Setting up libcroco3 (0.6.2-1) ...
Setting up libunistring0 (0.9.3-4) ...
Setting up gettext (0.18.1.1-3) ...
Setting up intltool-debian (0.35.0+20060710.1) ...
Setting up po-debconf (1.0.16+nmu1) ...
Setting up debhelper (8.9.0) ...
Setting up cdbs (0.4.94) ...
Setting up libgtextutils0 (0.6.2-1) ...
Setting up libgtextutils-dev (0.6.2-1) ...
Setting up pkg-config (0.26-1) ...
Removing negative dependencies: 
Reading package lists...
Building dependency tree...
Reading state information...
0 upgraded, 0 newly installed, 0 to remove and 0 not upgraded.
Checking correctness of dependencies...
Kernel: GNU/kFreeBSD 8.1-1-amd64 kfreebsd-amd64 (x86_64)
Toolchain package versions: binutils_2.21.52.20110707-1 dpkg-dev_1.16.0.3 g++-4.6_4.6.1-2 gcc-4.6_4.6.1-2 kfreebsd-kernel-headers_0.56 libc0.1-dev_2.13-10 libstdc++6_4.6.1-2 libstdc++6-4.6-dev_4.6.1-2
Package versions: apt_0.8.15.1 autotools-dev_20110511.1 base-files_6.4 base-passwd_3.5.22 bash_4.1-3 binutils_2.21.52.20110707-1 bsdmainutils_8.2.3 bsdutils_1:2.17.2-9.1 build-essential_11.5 bzip2_1.0.5-6 cdbs_0.4.94 coreutils_8.5-1 cpio_2.11-7 cpp_4:4.6.0-6 cpp-4.6_4.6.1-2 dash_0.5.5.1-7.4 debconf_1.5.40 debfoster_2.7-1.1 debhelper_8.9.0 debian-archive-keyring_2010.08.28 debianutils_4.0.2 diffutils_1:3.0-1 dpkg_1.16.0.3 dpkg-dev_1.16.0.3 e2fslibs_1.42~WIP-2011-07-02-1 e2fsprogs_1.42~WIP-2011-07-02-1 fakeroot_1.16-1 file_5.04-5+b1 findutils_4.4.2-1 freebsd-utils_8.2+ds1-2 g++_4:4.6.0-6 g++-4.6_4.6.1-2 gcc_4:4.6.0-6 gcc-4.2-base_4.2.4-6 gcc-4.4-base_4.4.6-6 gcc-4.5-base_4.5.3-3 gcc-4.6_4.6.1-2 gcc-4.6-base_4.6.1-2 gettext_0.18.1.1-3 gettext-base_0.18.1.1-3 gnupg_1.4.11-3 gpgv_1.4.11-3 grep_2.8-2 groff-base_1.21-6 gzip_1.3.12-9 hostname_3.06 html2text_1.3.2a-15 initscripts_2.88dsf-13.10 insserv_1.14.0-2.1 intltool-debian_0.35.0+20060710.1 kfreebsd-kernel-headers_0.56 libacl1_2.2.51-2 libattr1_1:2.4.46-2 libblkid1_2.17.2-9.1 libbsd0_0.3.0-1 libbz2-1.0_1.0.5-6 libc-bin_2.13-10 libc-dev-bin_2.13-10 libc0.1_2.13-10 libc0.1-dev_2.13-10 libcam0_8.2+ds1-3 libcloog-ppl0_0.15.9-3 libcomerr2_1.42~WIP-2011-07-02-1 libcroco3_0.6.2-1 libdb5.1_5.1.25-11 libdpkg-perl_1.16.0.3 libexpat1_2.0.1-7 libgc1c2_1:7.1-8 libgcc1_1:4.6.1-2 libgcrypt11_1.4.6-7 libgdbm3_1.8.3-10 libgeom1_8.2+ds1-3 libglib2.0-0_2.28.6-1 libgmp10_2:5.0.1+dfsg-7 libgmpxx4ldbl_2:5.0.1+dfsg-7 libgnutls26_2.10.5-2 libgomp1_4.6.1-2 libgpg-error0_1.10-0.3 libgtextutils-dev_0.6.2-1 libgtextutils0_0.6.2-1 libkiconv4_8.2+ds1-3 libkvm0_8.2+ds1-3 libldap-2.4-2_2.4.25-1.1 liblzma2_5.0.0-2 libmagic1_5.04-5+b1 libmpc2_0.9-3 libmpfr4_3.0.1-4 libncurses5_5.9-1 libncursesw5_5.9-1 libpam-modules_1.1.3-2 libpam-modules-bin_1.1.3-2 libpam-runtime_1.1.3-2 libpam0g_1.1.3-2 libpcre3_8.12-3 libpipeline1_1.2.0-3 libpng12-0_1.2.44-3 libpopt0_1.16-1 libppl-c4_0.11.2-3 libppl9_0.11.2-3 libpwl5_0.11.2-3 libquadmath0_4.6.1-2 libreadline6_6.2-2 libsasl2-2_2.1.24~rc1.dfsg1+cvs2011-05-23-4 libsbuf0_8.2+ds1-3 libslang2_2.2.4-2 libss2_1.42~WIP-2011-07-02-1 libstdc++6_4.6.1-2 libstdc++6-4.6-dev_4.6.1-2 libtasn1-3_2.9-4 libtimedate-perl_1.2000-1 libunistring0_0.9.3-4 libusb-0.1-4_2:0.1.12-17 libuuid1_2.17.2-9.1 libxml2_2.7.8.dfsg-3 login_1:4.1.4.2+svn3283-3 lsb-base_3.2-27 lzma_4.43-14 make_3.81-8.1 man-db_2.6.0.2-1 mawk_1.3.3-15 multiarch-support_2.13-10 ncurses-base_5.9-1 ncurses-bin_5.9-1 passwd_1:4.1.4.2+svn3283-3 patch_2.6.1-2 perl_5.12.4-1 perl-base_5.12.4-1 perl-modules_5.12.4-1 pkg-config_0.26-1 po-debconf_1.0.16+nmu1 procps_1:3.2.8-10 psmisc_22.13-1 readline-common_6.2-2 sed_4.2.1-9 sensible-utils_0.0.6 sudo_1.7.4p6-1 sysv-rc_2.88dsf-13.10 sysvinit_2.88dsf-13.10 sysvinit-utils_2.88dsf-13.10 tar_1.25-3 type-handling_0.2.23 tzdata_2011h-3 util-linux_2.17.2-9.1 xz-utils_5.0.0-2 zlib1g_1:1.2.3.4.dfsg-3

┌──────────────────────────────────────────────────────────────────────────────┐
│ Build                                                                        │
└──────────────────────────────────────────────────────────────────────────────┘


Unpack source
─────────────

gpgv: keyblock resource `/home/buildd/.gnupg/trustedkeys.gpg': file open error
gpgv: Signature made Fri Jul  8 04:45:07 2011 UTC using RSA key ID 2295D502
gpgv: Can't check signature: public key not found
dpkg-source: warning: failed to verify signature on ./fastx-toolkit_0.0.13.1-1.dsc
dpkg-source: info: extracting fastx-toolkit in fastx-toolkit-0.0.13.1
dpkg-source: info: unpacking fastx-toolkit_0.0.13.1.orig.tar.bz2
dpkg-source: info: unpacking fastx-toolkit_0.0.13.1-1.debian.tar.gz

Check disc space
────────────────


dpkg-buildpackage
─────────────────

dpkg-buildpackage: export CFLAGS from dpkg-buildflags (origin: vendor): -g -O2
dpkg-buildpackage: export CPPFLAGS from dpkg-buildflags (origin: vendor): 
dpkg-buildpackage: export CXXFLAGS from dpkg-buildflags (origin: vendor): -g -O2
dpkg-buildpackage: export FFLAGS from dpkg-buildflags (origin: vendor): -g -O2
dpkg-buildpackage: export LDFLAGS from dpkg-buildflags (origin: vendor): 
dpkg-buildpackage: source package fastx-toolkit
dpkg-buildpackage: source version 0.0.13.1-1
 dpkg-source --before-build fastx-toolkit-0.0.13.1
dpkg-buildpackage: host architecture kfreebsd-amd64
 fakeroot debian/rules clean
test -x debian/rules
dh_testroot
rm -f debian/stamp-makefile-build debian/stamp-makefile-install
/usr/bin/make  -C .  -k distclean
make[1]: make[1]: Entering directory `/build/buildd-fastx-toolkit_0.0.13.1-1-kfreebsd-amd64-Tv9c_A/fastx-toolkit-0.0.13.1'
*** No rule to make target `distclean'.
make[1]: Leaving directory `/build/buildd-fastx-toolkit_0.0.13.1-1-kfreebsd-amd64-Tv9c_A/fastx-toolkit-0.0.13.1'
make: [makefile-clean] Error 2 (ignored)
rm -f debian/stamp-autotools
rmdir --ignore-fail-on-non-empty .
rmdir: failed to remove `.': Invalid argument
make: [makefile-clean] Error 1 (ignored)
for i in ./config/config.guess ./config/config.sub  ; do \
		if test -e $i.cdbs-orig ; then \
			mv $i.cdbs-orig $i ; \
		fi ; \
	done
dh_clean 
rm -f debian/stamp-autotools-files
 debian/rules build
test -x debian/rules
mkdir -p "."
if test -e /usr/share/misc/config.guess ; then \
		for i in ./config/config.guess ; do \
			if ! test -e $i.cdbs-orig ; then \
				mv $i $i.cdbs-orig ; \
				cp --remove-destination /usr/share/misc/config.guess $i ; \
			fi ; \
		done ; \
	fi
if test -e /usr/share/misc/config.sub ; then \
		for i in ./config/config.sub ; do \
			if ! test -e $i.cdbs-orig ; then \
				mv $i $i.cdbs-orig ; \
				cp --remove-destination /usr/share/misc/config.sub $i ; \
			fi ; \
		done ; \
	fi
touch debian/stamp-autotools-files
chmod a+x /build/buildd-fastx-toolkit_0.0.13.1-1-kfreebsd-amd64-Tv9c_A/fastx-toolkit-0.0.13.1/./configure
mkdir -p .
cd . &&   CFLAGS="-g -O2 -g -O2 -Wall" CXXFLAGS="-g -O2 -g -O2 -Wall" CPPFLAGS="" LDFLAGS="" /build/buildd-fastx-toolkit_0.0.13.1-1-kfreebsd-amd64-Tv9c_A/fastx-toolkit-0.0.13.1/./configure --build=x86_64-kfreebsd-gnu  --prefix=/usr --includedir="\${prefix}/include" --mandir="\${prefix}/share/man" --infodir="\${prefix}/share/info" --sysconfdir=/etc --localstatedir=/var --libexecdir="\${prefix}/lib/fastx-toolkit" --srcdir=. --disable-maintainer-mode --disable-dependency-tracking --disable-silent-rules    
configure: WARNING: unrecognized options: --disable-maintainer-mode, --disable-silent-rules
checking for a BSD-compatible install... /usr/bin/install -c
checking whether build environment is sane... yes
checking for a thread-safe mkdir -p... /bin/mkdir -p
checking for gawk... no
checking for mawk... mawk
checking whether make sets $(MAKE)... yes
checking for gcc... gcc
checking whether the C compiler works... yes
checking for C compiler default output file name... a.out
checking for suffix of executables... 
checking whether we are cross compiling... no
checking for suffix of object files... o
checking whether we are using the GNU C compiler... yes
checking whether gcc accepts -g... yes
checking for gcc option to accept ISO C89... none needed
checking for style of include used by make... GNU
checking dependency style of gcc... none
checking for g++... g++
checking whether we are using the GNU C++ compiler... yes
checking whether g++ accepts -g... yes
checking dependency style of g++... none
checking build system type... x86_64-pc-kfreebsd-gnu
checking host system type... x86_64-pc-kfreebsd-gnu
checking for a sed that does not truncate output... /bin/sed
checking for grep that handles long lines and -e... /bin/grep
checking for egrep... /bin/grep -E
checking for fgrep... /bin/grep -F
checking for ld used by gcc... /usr/bin/ld
checking if the linker (/usr/bin/ld) is GNU ld... yes
checking for BSD- or MS-compatible name lister (nm)... /usr/bin/nm -B
checking the name lister (/usr/bin/nm -B) interface... BSD nm
checking whether ln -s works... yes
checking the maximum length of command line arguments... 196608
checking whether the shell understands some XSI constructs... yes
checking whether the shell understands "+="... yes
checking for /usr/bin/ld option to reload object files... -r
checking for objdump... objdump
checking how to recognize dependent libraries... pass_all
checking for ar... ar
checking for strip... strip
checking for ranlib... ranlib
checking command to parse /usr/bin/nm -B output from gcc object... ok
checking how to run the C preprocessor... gcc -E
checking for ANSI C header files... yes
checking for sys/types.h... yes
checking for sys/stat.h... yes
checking for stdlib.h... yes
checking for string.h... yes
checking for memory.h... yes
checking for strings.h... yes
checking for inttypes.h... yes
checking for stdint.h... yes
checking for unistd.h... yes
checking for dlfcn.h... yes
checking whether we are using the GNU C++ compiler... (cached) yes
checking whether g++ accepts -g... (cached) yes
checking dependency style of g++... (cached) none
checking how to run the C++ preprocessor... g++ -E
checking for objdir... .libs
checking if gcc supports -fno-rtti -fno-exceptions... no
checking for gcc option to produce PIC... -fPIC -DPIC
checking if gcc PIC flag -fPIC -DPIC works... yes
checking if gcc static flag -static works... yes
checking if gcc supports -c -o file.o... yes
checking if gcc supports -c -o file.o... (cached) yes
checking whether the gcc linker (/usr/bin/ld -m elf_x86_64_fbsd) supports shared libraries... yes
checking whether -lc should be explicitly linked in... no
checking dynamic linker characteristics... GNU/Linux ld.so
checking how to hardcode library paths into programs... immediate
checking whether stripping libraries is possible... yes
checking if libtool supports shared libraries... yes
checking whether to build shared libraries... yes
checking whether to build static libraries... yes
checking for ld used by g++... /usr/bin/ld -m elf_x86_64_fbsd
checking if the linker (/usr/bin/ld -m elf_x86_64_fbsd) is GNU ld... yes
checking whether the g++ linker (/usr/bin/ld -m elf_x86_64_fbsd) supports shared libraries... yes
checking for g++ option to produce PIC... -fPIC -DPIC
checking if g++ PIC flag -fPIC -DPIC works... yes
checking if g++ static flag -static works... yes
checking if g++ supports -c -o file.o... yes
checking if g++ supports -c -o file.o... (cached) yes
checking whether the g++ linker (/usr/bin/ld -m elf_x86_64_fbsd) supports shared libraries... yes
checking dynamic linker characteristics... GNU/Linux ld.so
checking how to hardcode library paths into programs... immediate
checking for long long int... yes
checking for ISO C++ TR1 include files... yes
checking for pkg-config... /usr/bin/pkg-config
checking pkg-config is at least version 0.9.0... yes
checking for GTEXTUTILS... yes
configure: creating ./config.status
config.status: creating Makefile
config.status: creating doc/Makefile
config.status: creating m4/Makefile
config.status: creating src/Makefile
config.status: creating src/libfastx/Makefile
config.status: creating src/fastx_clipper/Makefile
config.status: creating src/fastq_to_fasta/Makefile
config.status: creating src/fastx_quality_stats/Makefile
config.status: creating src/fastq_quality_converter/Makefile
config.status: creating src/fastx_trimmer/Makefile
config.status: creating src/fastq_quality_filter/Makefile
config.status: creating src/fastq_quality_trimmer/Makefile
config.status: creating src/fastx_artifacts_filter/Makefile
config.status: creating src/fastx_reverse_complement/Makefile
config.status: creating src/fastx_collapser/Makefile
config.status: creating src/fastx_uncollapser/Makefile
config.status: creating src/seqalign_test/Makefile
config.status: creating src/fasta_formatter/Makefile
config.status: creating src/fasta_nucleotide_changer/Makefile
config.status: creating src/fastx_renamer/Makefile
config.status: creating src/fastq_masker/Makefile
config.status: creating galaxy/Makefile
config.status: creating galaxy/tools/Makefile
config.status: creating galaxy/tools/fastx_toolkit/Makefile
config.status: creating galaxy/tools/cshl_custom_fastx_toolkit/Makefile
config.status: creating galaxy/test-data/Makefile
config.status: creating galaxy/static/Makefile
config.status: creating galaxy/static/fastx_icons/Makefile
config.status: creating galaxy/tool-data/Makefile
config.status: creating scripts/Makefile
config.status: creating build_scripts/Makefile
config.status: creating config.h
config.status: executing depfiles commands
config.status: executing libtool commands
configure: WARNING: unrecognized options: --disable-maintainer-mode, --disable-silent-rules
touch debian/stamp-autotools
/usr/bin/make  -C .  
make[1]: Entering directory `/build/buildd-fastx-toolkit_0.0.13.1-1-kfreebsd-amd64-Tv9c_A/fastx-toolkit-0.0.13.1'
/usr/bin/make  all-recursive
make[2]: Entering directory `/build/buildd-fastx-toolkit_0.0.13.1-1-kfreebsd-amd64-Tv9c_A/fastx-toolkit-0.0.13.1'
Making all in m4
make[3]: Entering directory `/build/buildd-fastx-toolkit_0.0.13.1-1-kfreebsd-amd64-Tv9c_A/fastx-toolkit-0.0.13.1/m4'
make[3]: Nothing to be done for `all'.
make[3]: Leaving directory `/build/buildd-fastx-toolkit_0.0.13.1-1-kfreebsd-amd64-Tv9c_A/fastx-toolkit-0.0.13.1/m4'
Making all in src
make[3]: Entering directory `/build/buildd-fastx-toolkit_0.0.13.1-1-kfreebsd-amd64-Tv9c_A/fastx-toolkit-0.0.13.1/src'
Making all in libfastx
make[4]: Entering directory `/build/buildd-fastx-toolkit_0.0.13.1-1-kfreebsd-amd64-Tv9c_A/fastx-toolkit-0.0.13.1/src/libfastx'
gcc -DHAVE_CONFIG_H -I. -I../..     -g -O2 -g -O2 -Wall -Wall -Wextra -Wformat-nonliteral -Wformat-security -Wswitch-default -Wswitch-enum -Wunused-parameter -Wfloat-equal -Werror -DDEBUG -g -O1 -c chomp.c
gcc -DHAVE_CONFIG_H -I. -I../..     -g -O2 -g -O2 -Wall -Wall -Wextra -Wformat-nonliteral -Wformat-security -Wswitch-default -Wswitch-enum -Wunused-parameter -Wfloat-equal -Werror -DDEBUG -g -O1 -c fastx.c
gcc -DHAVE_CONFIG_H -I. -I../..     -g -O2 -g -O2 -Wall -Wall -Wextra -Wformat-nonliteral -Wformat-security -Wswitch-default -Wswitch-enum -Wunused-parameter -Wfloat-equal -Werror -DDEBUG -g -O1 -c fastx_args.c
g++ -DHAVE_CONFIG_H -I. -I../..     -g -O2 -g -O2 -Wall -Wall -Wextra -Wformat-nonliteral -Wformat-security -Wswitch-default -Wswitch-enum -Wunused-parameter -Wfloat-equal -Werror -DDEBUG -g -O1 -DDEBUG -g -O1 -c -o sequence_alignment.o sequence_alignment.cpp
rm -f libfastx.a
ar cru libfastx.a chomp.o fastx.o fastx_args.o sequence_alignment.o 
ranlib libfastx.a
make[4]: Leaving directory `/build/buildd-fastx-toolkit_0.0.13.1-1-kfreebsd-amd64-Tv9c_A/fastx-toolkit-0.0.13.1/src/libfastx'
Making all in fastx_clipper
make[4]: Entering directory `/build/buildd-fastx-toolkit_0.0.13.1-1-kfreebsd-amd64-Tv9c_A/fastx-toolkit-0.0.13.1/src/fastx_clipper'
g++ -DHAVE_CONFIG_H -I. -I../..   -I../libfastx   -g -O2 -g -O2 -Wall -Wall -Wextra -Wformat-nonliteral -Wformat-security -Wswitch-default -Wswitch-enum -Wunused-parameter -Wfloat-equal -Werror -DDEBUG -g -O1 -DDEBUG -g -O1 -c -o fastx_clipper.o fastx_clipper.cpp
/bin/bash ../../libtool --tag=CXX   --mode=link g++  -g -O2 -g -O2 -Wall -Wall -Wextra -Wformat-nonliteral -Wformat-security -Wswitch-default -Wswitch-enum -Wunused-parameter -Wfloat-equal -Werror -DDEBUG -g -O1 -DDEBUG -g -O1   -o fastx_clipper fastx_clipper.o ../libfastx/libfastx.a  
libtool: link: g++ -g -O2 -g -O2 -Wall -Wall -Wextra -Wformat-nonliteral -Wformat-security -Wswitch-default -Wswitch-enum -Wunused-parameter -Wfloat-equal -Werror -DDEBUG -g -O1 -DDEBUG -g -O1 -o fastx_clipper fastx_clipper.o  ../libfastx/libfastx.a
make[4]: Leaving directory `/build/buildd-fastx-toolkit_0.0.13.1-1-kfreebsd-amd64-Tv9c_A/fastx-toolkit-0.0.13.1/src/fastx_clipper'
Making all in fastx_trimmer
make[4]: Entering directory `/build/buildd-fastx-toolkit_0.0.13.1-1-kfreebsd-amd64-Tv9c_A/fastx-toolkit-0.0.13.1/src/fastx_trimmer'
gcc -DHAVE_CONFIG_H -I. -I../..   -I../libfastx   -g -O2 -g -O2 -Wall -Wall -Wextra -Wformat-nonliteral -Wformat-security -Wswitch-default -Wswitch-enum -Wunused-parameter -Wfloat-equal -Werror -DDEBUG -g -O1 -c fastx_trimmer.c
/bin/bash ../../libtool --tag=CC   --mode=link gcc  -g -O2 -g -O2 -Wall -Wall -Wextra -Wformat-nonliteral -Wformat-security -Wswitch-default -Wswitch-enum -Wunused-parameter -Wfloat-equal -Werror -DDEBUG -g -O1   -o fastx_trimmer fastx_trimmer.o ../libfastx/libfastx.a  
libtool: link: gcc -g -O2 -g -O2 -Wall -Wall -Wextra -Wformat-nonliteral -Wformat-security -Wswitch-default -Wswitch-enum -Wunused-parameter -Wfloat-equal -Werror -DDEBUG -g -O1 -o fastx_trimmer fastx_trimmer.o  ../libfastx/libfastx.a
make[4]: Leaving directory `/build/buildd-fastx-toolkit_0.0.13.1-1-kfreebsd-amd64-Tv9c_A/fastx-toolkit-0.0.13.1/src/fastx_trimmer'
Making all in fastx_quality_stats
make[4]: Entering directory `/build/buildd-fastx-toolkit_0.0.13.1-1-kfreebsd-amd64-Tv9c_A/fastx-toolkit-0.0.13.1/src/fastx_quality_stats'
gcc -DHAVE_CONFIG_H -I. -I../..   -I../libfastx   -g -O2 -g -O2 -Wall -Wall -Wextra -Wformat-nonliteral -Wformat-security -Wswitch-default -Wswitch-enum -Wunused-parameter -Wfloat-equal -Werror -DDEBUG -g -O1 -c fastx_quality_stats.c
/bin/bash ../../libtool --tag=CC   --mode=link gcc  -g -O2 -g -O2 -Wall -Wall -Wextra -Wformat-nonliteral -Wformat-security -Wswitch-default -Wswitch-enum -Wunused-parameter -Wfloat-equal -Werror -DDEBUG -g -O1   -o fastx_quality_stats fastx_quality_stats.o ../libfastx/libfastx.a  
libtool: link: gcc -g -O2 -g -O2 -Wall -Wall -Wextra -Wformat-nonliteral -Wformat-security -Wswitch-default -Wswitch-enum -Wunused-parameter -Wfloat-equal -Werror -DDEBUG -g -O1 -o fastx_quality_stats fastx_quality_stats.o  ../libfastx/libfastx.a
make[4]: Leaving directory `/build/buildd-fastx-toolkit_0.0.13.1-1-kfreebsd-amd64-Tv9c_A/fastx-toolkit-0.0.13.1/src/fastx_quality_stats'
Making all in fastq_quality_converter
make[4]: Entering directory `/build/buildd-fastx-toolkit_0.0.13.1-1-kfreebsd-amd64-Tv9c_A/fastx-toolkit-0.0.13.1/src/fastq_quality_converter'
gcc -DHAVE_CONFIG_H -I. -I../..   -I../libfastx   -g -O2 -g -O2 -Wall -Wall -Wextra -Wformat-nonliteral -Wformat-security -Wswitch-default -Wswitch-enum -Wunused-parameter -Wfloat-equal -Werror -DDEBUG -g -O1 -c fastq_quality_converter.c
/bin/bash ../../libtool --tag=CC   --mode=link gcc  -g -O2 -g -O2 -Wall -Wall -Wextra -Wformat-nonliteral -Wformat-security -Wswitch-default -Wswitch-enum -Wunused-parameter -Wfloat-equal -Werror -DDEBUG -g -O1   -o fastq_quality_converter fastq_quality_converter.o ../libfastx/libfastx.a  
libtool: link: gcc -g -O2 -g -O2 -Wall -Wall -Wextra -Wformat-nonliteral -Wformat-security -Wswitch-default -Wswitch-enum -Wunused-parameter -Wfloat-equal -Werror -DDEBUG -g -O1 -o fastq_quality_converter fastq_quality_converter.o  ../libfastx/libfastx.a
make[4]: Leaving directory `/build/buildd-fastx-toolkit_0.0.13.1-1-kfreebsd-amd64-Tv9c_A/fastx-toolkit-0.0.13.1/src/fastq_quality_converter'
Making all in fastq_to_fasta
make[4]: Entering directory `/build/buildd-fastx-toolkit_0.0.13.1-1-kfreebsd-amd64-Tv9c_A/fastx-toolkit-0.0.13.1/src/fastq_to_fasta'
gcc -DHAVE_CONFIG_H -I. -I../..   -I../libfastx   -g -O2 -g -O2 -Wall -Wall -Wextra -Wformat-nonliteral -Wformat-security -Wswitch-default -Wswitch-enum -Wunused-parameter -Wfloat-equal -Werror -DDEBUG -g -O1 -c fastq_to_fasta.c
/bin/bash ../../libtool --tag=CC   --mode=link gcc  -g -O2 -g -O2 -Wall -Wall -Wextra -Wformat-nonliteral -Wformat-security -Wswitch-default -Wswitch-enum -Wunused-parameter -Wfloat-equal -Werror -DDEBUG -g -O1   -o fastq_to_fasta fastq_to_fasta.o ../libfastx/libfastx.a  
libtool: link: gcc -g -O2 -g -O2 -Wall -Wall -Wextra -Wformat-nonliteral -Wformat-security -Wswitch-default -Wswitch-enum -Wunused-parameter -Wfloat-equal -Werror -DDEBUG -g -O1 -o fastq_to_fasta fastq_to_fasta.o  ../libfastx/libfastx.a
make[4]: Leaving directory `/build/buildd-fastx-toolkit_0.0.13.1-1-kfreebsd-amd64-Tv9c_A/fastx-toolkit-0.0.13.1/src/fastq_to_fasta'
Making all in fastq_quality_filter
make[4]: Entering directory `/build/buildd-fastx-toolkit_0.0.13.1-1-kfreebsd-amd64-Tv9c_A/fastx-toolkit-0.0.13.1/src/fastq_quality_filter'
gcc -DHAVE_CONFIG_H -I. -I../..   -I../libfastx   -g -O2 -g -O2 -Wall -Wall -Wextra -Wformat-nonliteral -Wformat-security -Wswitch-default -Wswitch-enum -Wunused-parameter -Wfloat-equal -Werror -DDEBUG -g -O1 -c fastq_quality_filter.c
/bin/bash ../../libtool --tag=CC   --mode=link gcc  -g -O2 -g -O2 -Wall -Wall -Wextra -Wformat-nonliteral -Wformat-security -Wswitch-default -Wswitch-enum -Wunused-parameter -Wfloat-equal -Werror -DDEBUG -g -O1   -o fastq_quality_filter fastq_quality_filter.o ../libfastx/libfastx.a  
libtool: link: gcc -g -O2 -g -O2 -Wall -Wall -Wextra -Wformat-nonliteral -Wformat-security -Wswitch-default -Wswitch-enum -Wunused-parameter -Wfloat-equal -Werror -DDEBUG -g -O1 -o fastq_quality_filter fastq_quality_filter.o  ../libfastx/libfastx.a
make[4]: Leaving directory `/build/buildd-fastx-toolkit_0.0.13.1-1-kfreebsd-amd64-Tv9c_A/fastx-toolkit-0.0.13.1/src/fastq_quality_filter'
Making all in fastq_quality_trimmer
make[4]: Entering directory `/build/buildd-fastx-toolkit_0.0.13.1-1-kfreebsd-amd64-Tv9c_A/fastx-toolkit-0.0.13.1/src/fastq_quality_trimmer'
gcc -DHAVE_CONFIG_H -I. -I../..   -I../libfastx   -g -O2 -g -O2 -Wall -Wall -Wextra -Wformat-nonliteral -Wformat-security -Wswitch-default -Wswitch-enum -Wunused-parameter -Wfloat-equal -Werror -DDEBUG -g -O1 -c fastq_quality_trimmer.c
/bin/bash ../../libtool --tag=CC   --mode=link gcc  -g -O2 -g -O2 -Wall -Wall -Wextra -Wformat-nonliteral -Wformat-security -Wswitch-default -Wswitch-enum -Wunused-parameter -Wfloat-equal -Werror -DDEBUG -g -O1   -o fastq_quality_trimmer fastq_quality_trimmer.o ../libfastx/libfastx.a  
libtool: link: gcc -g -O2 -g -O2 -Wall -Wall -Wextra -Wformat-nonliteral -Wformat-security -Wswitch-default -Wswitch-enum -Wunused-parameter -Wfloat-equal -Werror -DDEBUG -g -O1 -o fastq_quality_trimmer fastq_quality_trimmer.o  ../libfastx/libfastx.a
make[4]: Leaving directory `/build/buildd-fastx-toolkit_0.0.13.1-1-kfreebsd-amd64-Tv9c_A/fastx-toolkit-0.0.13.1/src/fastq_quality_trimmer'
Making all in fastx_artifacts_filter
make[4]: Entering directory `/build/buildd-fastx-toolkit_0.0.13.1-1-kfreebsd-amd64-Tv9c_A/fastx-toolkit-0.0.13.1/src/fastx_artifacts_filter'
gcc -DHAVE_CONFIG_H -I. -I../..   -I../libfastx   -g -O2 -g -O2 -Wall -Wall -Wextra -Wformat-nonliteral -Wformat-security -Wswitch-default -Wswitch-enum -Wunused-parameter -Wfloat-equal -Werror -DDEBUG -g -O1 -c fastx_artifacts_filter.c
/bin/bash ../../libtool --tag=CC   --mode=link gcc  -g -O2 -g -O2 -Wall -Wall -Wextra -Wformat-nonliteral -Wformat-security -Wswitch-default -Wswitch-enum -Wunused-parameter -Wfloat-equal -Werror -DDEBUG -g -O1   -o fastx_artifacts_filter fastx_artifacts_filter.o ../libfastx/libfastx.a  
libtool: link: gcc -g -O2 -g -O2 -Wall -Wall -Wextra -Wformat-nonliteral -Wformat-security -Wswitch-default -Wswitch-enum -Wunused-parameter -Wfloat-equal -Werror -DDEBUG -g -O1 -o fastx_artifacts_filter fastx_artifacts_filter.o  ../libfastx/libfastx.a
make[4]: Leaving directory `/build/buildd-fastx-toolkit_0.0.13.1-1-kfreebsd-amd64-Tv9c_A/fastx-toolkit-0.0.13.1/src/fastx_artifacts_filter'
Making all in fastx_reverse_complement
make[4]: Entering directory `/build/buildd-fastx-toolkit_0.0.13.1-1-kfreebsd-amd64-Tv9c_A/fastx-toolkit-0.0.13.1/src/fastx_reverse_complement'
gcc -DHAVE_CONFIG_H -I. -I../..   -I../libfastx   -g -O2 -g -O2 -Wall -Wall -Wextra -Wformat-nonliteral -Wformat-security -Wswitch-default -Wswitch-enum -Wunused-parameter -Wfloat-equal -Werror -DDEBUG -g -O1 -c fastx_reverse_complement.c
/bin/bash ../../libtool --tag=CC   --mode=link gcc  -g -O2 -g -O2 -Wall -Wall -Wextra -Wformat-nonliteral -Wformat-security -Wswitch-default -Wswitch-enum -Wunused-parameter -Wfloat-equal -Werror -DDEBUG -g -O1   -o fastx_reverse_complement fastx_reverse_complement.o ../libfastx/libfastx.a  
libtool: link: gcc -g -O2 -g -O2 -Wall -Wall -Wextra -Wformat-nonliteral -Wformat-security -Wswitch-default -Wswitch-enum -Wunused-parameter -Wfloat-equal -Werror -DDEBUG -g -O1 -o fastx_reverse_complement fastx_reverse_complement.o  ../libfastx/libfastx.a
make[4]: Leaving directory `/build/buildd-fastx-toolkit_0.0.13.1-1-kfreebsd-amd64-Tv9c_A/fastx-toolkit-0.0.13.1/src/fastx_reverse_complement'
Making all in fastx_collapser
make[4]: Entering directory `/build/buildd-fastx-toolkit_0.0.13.1-1-kfreebsd-amd64-Tv9c_A/fastx-toolkit-0.0.13.1/src/fastx_collapser'
g++ -DHAVE_CONFIG_H -I. -I../..   -I../libfastx   -g -O2 -g -O2 -Wall -Wall -Wextra -Wformat-nonliteral -Wformat-security -Wswitch-default -Wswitch-enum -Wunused-parameter -Wfloat-equal -Werror -DDEBUG -g -O1 -DDEBUG -g -O1 -c -o fastx_collapser.o fastx_collapser.cpp
/bin/bash ../../libtool --tag=CXX   --mode=link g++  -g -O2 -g -O2 -Wall -Wall -Wextra -Wformat-nonliteral -Wformat-security -Wswitch-default -Wswitch-enum -Wunused-parameter -Wfloat-equal -Werror -DDEBUG -g -O1 -DDEBUG -g -O1   -o fastx_collapser fastx_collapser.o ../libfastx/libfastx.a  
libtool: link: g++ -g -O2 -g -O2 -Wall -Wall -Wextra -Wformat-nonliteral -Wformat-security -Wswitch-default -Wswitch-enum -Wunused-parameter -Wfloat-equal -Werror -DDEBUG -g -O1 -DDEBUG -g -O1 -o fastx_collapser fastx_collapser.o  ../libfastx/libfastx.a
make[4]: Leaving directory `/build/buildd-fastx-toolkit_0.0.13.1-1-kfreebsd-amd64-Tv9c_A/fastx-toolkit-0.0.13.1/src/fastx_collapser'
Making all in fastx_uncollapser
make[4]: Entering directory `/build/buildd-fastx-toolkit_0.0.13.1-1-kfreebsd-amd64-Tv9c_A/fastx-toolkit-0.0.13.1/src/fastx_uncollapser'
g++ -DHAVE_CONFIG_H -I. -I../.. -I/usr/include/gtextutils   -I../libfastx  -I../libfastx   -g -O2 -g -O2 -Wall -Wall -Wextra -Wformat-nonliteral -Wformat-security -Wswitch-default -Wswitch-enum -Wunused-parameter -Wfloat-equal -Werror -DDEBUG -g -O1 -DDEBUG -g -O1 -c -o fastx_uncollapser.o fastx_uncollapser.cpp
/bin/bash ../../libtool --tag=CXX   --mode=link g++  -g -O2 -g -O2 -Wall -Wall -Wextra -Wformat-nonliteral -Wformat-security -Wswitch-default -Wswitch-enum -Wunused-parameter -Wfloat-equal -Werror -DDEBUG -g -O1 -DDEBUG -g -O1   -o fastx_uncollapser fastx_uncollapser.o -lgtextutils   ../libfastx/libfastx.a  
libtool: link: g++ -g -O2 -g -O2 -Wall -Wall -Wextra -Wformat-nonliteral -Wformat-security -Wswitch-default -Wswitch-enum -Wunused-parameter -Wfloat-equal -Werror -DDEBUG -g -O1 -DDEBUG -g -O1 -o fastx_uncollapser fastx_uncollapser.o  -lgtextutils ../libfastx/libfastx.a
make[4]: Leaving directory `/build/buildd-fastx-toolkit_0.0.13.1-1-kfreebsd-amd64-Tv9c_A/fastx-toolkit-0.0.13.1/src/fastx_uncollapser'
Making all in seqalign_test
make[4]: Entering directory `/build/buildd-fastx-toolkit_0.0.13.1-1-kfreebsd-amd64-Tv9c_A/fastx-toolkit-0.0.13.1/src/seqalign_test'
g++ -DHAVE_CONFIG_H -I. -I../..   -I../libfastx   -g -O2 -g -O2 -Wall -Wall -Wextra -Wformat-nonliteral -Wformat-security -Wswitch-default -Wswitch-enum -Wunused-parameter -Wfloat-equal -Werror -DDEBUG -g -O1 -DDEBUG -g -O1 -c -o seqalign_test.o seqalign_test.cpp
/bin/bash ../../libtool --tag=CXX   --mode=link g++  -g -O2 -g -O2 -Wall -Wall -Wextra -Wformat-nonliteral -Wformat-security -Wswitch-default -Wswitch-enum -Wunused-parameter -Wfloat-equal -Werror -DDEBUG -g -O1 -DDEBUG -g -O1   -o seqalign_test seqalign_test.o ../libfastx/libfastx.a 
libtool: link: g++ -g -O2 -g -O2 -Wall -Wall -Wextra -Wformat-nonliteral -Wformat-security -Wswitch-default -Wswitch-enum -Wunused-parameter -Wfloat-equal -Werror -DDEBUG -g -O1 -DDEBUG -g -O1 -o seqalign_test seqalign_test.o  ../libfastx/libfastx.a
make[4]: Leaving directory `/build/buildd-fastx-toolkit_0.0.13.1-1-kfreebsd-amd64-Tv9c_A/fastx-toolkit-0.0.13.1/src/seqalign_test'
Making all in fasta_formatter
make[4]: Entering directory `/build/buildd-fastx-toolkit_0.0.13.1-1-kfreebsd-amd64-Tv9c_A/fastx-toolkit-0.0.13.1/src/fasta_formatter'
g++ -DHAVE_CONFIG_H -I. -I../.. -I/usr/include/gtextutils   -I../libfastx     -g -O2 -g -O2 -Wall -Wall -Wextra -Wformat-nonliteral -Wformat-security -Wswitch-default -Wswitch-enum -Wunused-parameter -Wfloat-equal -Werror -DDEBUG -g -O1 -DDEBUG -g -O1 -c -o fasta_formatter.o fasta_formatter.cpp
/bin/bash ../../libtool --tag=CXX   --mode=link g++  -g -O2 -g -O2 -Wall -Wall -Wextra -Wformat-nonliteral -Wformat-security -Wswitch-default -Wswitch-enum -Wunused-parameter -Wfloat-equal -Werror -DDEBUG -g -O1 -DDEBUG -g -O1   -o fasta_formatter fasta_formatter.o -lgtextutils   ../libfastx/libfastx.a  
libtool: link: g++ -g -O2 -g -O2 -Wall -Wall -Wextra -Wformat-nonliteral -Wformat-security -Wswitch-default -Wswitch-enum -Wunused-parameter -Wfloat-equal -Werror -DDEBUG -g -O1 -DDEBUG -g -O1 -o fasta_formatter fasta_formatter.o  -lgtextutils ../libfastx/libfastx.a
make[4]: Leaving directory `/build/buildd-fastx-toolkit_0.0.13.1-1-kfreebsd-amd64-Tv9c_A/fastx-toolkit-0.0.13.1/src/fasta_formatter'
Making all in fasta_nucleotide_changer
make[4]: Entering directory `/build/buildd-fastx-toolkit_0.0.13.1-1-kfreebsd-amd64-Tv9c_A/fastx-toolkit-0.0.13.1/src/fasta_nucleotide_changer'
gcc -DHAVE_CONFIG_H -I. -I../..   -I../libfastx   -g -O2 -g -O2 -Wall -Wall -Wextra -Wformat-nonliteral -Wformat-security -Wswitch-default -Wswitch-enum -Wunused-parameter -Wfloat-equal -Werror -DDEBUG -g -O1 -c fasta_nucleotide_changer.c
/bin/bash ../../libtool --tag=CC   --mode=link gcc  -g -O2 -g -O2 -Wall -Wall -Wextra -Wformat-nonliteral -Wformat-security -Wswitch-default -Wswitch-enum -Wunused-parameter -Wfloat-equal -Werror -DDEBUG -g -O1   -o fasta_nucleotide_changer fasta_nucleotide_changer.o ../libfastx/libfastx.a  
libtool: link: gcc -g -O2 -g -O2 -Wall -Wall -Wextra -Wformat-nonliteral -Wformat-security -Wswitch-default -Wswitch-enum -Wunused-parameter -Wfloat-equal -Werror -DDEBUG -g -O1 -o fasta_nucleotide_changer fasta_nucleotide_changer.o  ../libfastx/libfastx.a
make[4]: Leaving directory `/build/buildd-fastx-toolkit_0.0.13.1-1-kfreebsd-amd64-Tv9c_A/fastx-toolkit-0.0.13.1/src/fasta_nucleotide_changer'
Making all in fastx_renamer
make[4]: Entering directory `/build/buildd-fastx-toolkit_0.0.13.1-1-kfreebsd-amd64-Tv9c_A/fastx-toolkit-0.0.13.1/src/fastx_renamer'
gcc -DHAVE_CONFIG_H -I. -I../..   -I../libfastx   -g -O2 -g -O2 -Wall -Wall -Wextra -Wformat-nonliteral -Wformat-security -Wswitch-default -Wswitch-enum -Wunused-parameter -Wfloat-equal -Werror -DDEBUG -g -O1 -c fastx_renamer.c
/bin/bash ../../libtool --tag=CC   --mode=link gcc  -g -O2 -g -O2 -Wall -Wall -Wextra -Wformat-nonliteral -Wformat-security -Wswitch-default -Wswitch-enum -Wunused-parameter -Wfloat-equal -Werror -DDEBUG -g -O1   -o fastx_renamer fastx_renamer.o ../libfastx/libfastx.a  
libtool: link: gcc -g -O2 -g -O2 -Wall -Wall -Wextra -Wformat-nonliteral -Wformat-security -Wswitch-default -Wswitch-enum -Wunused-parameter -Wfloat-equal -Werror -DDEBUG -g -O1 -o fastx_renamer fastx_renamer.o  ../libfastx/libfastx.a
make[4]: Leaving directory `/build/buildd-fastx-toolkit_0.0.13.1-1-kfreebsd-amd64-Tv9c_A/fastx-toolkit-0.0.13.1/src/fastx_renamer'
Making all in fastq_masker
make[4]: Entering directory `/build/buildd-fastx-toolkit_0.0.13.1-1-kfreebsd-amd64-Tv9c_A/fastx-toolkit-0.0.13.1/src/fastq_masker'
gcc -DHAVE_CONFIG_H -I. -I../..   -I../libfastx   -g -O2 -g -O2 -Wall -Wall -Wextra -Wformat-nonliteral -Wformat-security -Wswitch-default -Wswitch-enum -Wunused-parameter -Wfloat-equal -Werror -DDEBUG -g -O1 -c fastq_masker.c
/bin/bash ../../libtool --tag=CC   --mode=link gcc  -g -O2 -g -O2 -Wall -Wall -Wextra -Wformat-nonliteral -Wformat-security -Wswitch-default -Wswitch-enum -Wunused-parameter -Wfloat-equal -Werror -DDEBUG -g -O1   -o fastq_masker fastq_masker.o ../libfastx/libfastx.a  
libtool: link: gcc -g -O2 -g -O2 -Wall -Wall -Wextra -Wformat-nonliteral -Wformat-security -Wswitch-default -Wswitch-enum -Wunused-parameter -Wfloat-equal -Werror -DDEBUG -g -O1 -o fastq_masker fastq_masker.o  ../libfastx/libfastx.a
make[4]: Leaving directory `/build/buildd-fastx-toolkit_0.0.13.1-1-kfreebsd-amd64-Tv9c_A/fastx-toolkit-0.0.13.1/src/fastq_masker'
make[4]: Entering directory `/build/buildd-fastx-toolkit_0.0.13.1-1-kfreebsd-amd64-Tv9c_A/fastx-toolkit-0.0.13.1/src'
make[4]: Nothing to be done for `all-am'.
make[4]: Leaving directory `/build/buildd-fastx-toolkit_0.0.13.1-1-kfreebsd-amd64-Tv9c_A/fastx-toolkit-0.0.13.1/src'
make[3]: Leaving directory `/build/buildd-fastx-toolkit_0.0.13.1-1-kfreebsd-amd64-Tv9c_A/fastx-toolkit-0.0.13.1/src'
Making all in doc
make[3]: Entering directory `/build/buildd-fastx-toolkit_0.0.13.1-1-kfreebsd-amd64-Tv9c_A/fastx-toolkit-0.0.13.1/doc'
make[3]: Nothing to be done for `all'.
make[3]: Leaving directory `/build/buildd-fastx-toolkit_0.0.13.1-1-kfreebsd-amd64-Tv9c_A/fastx-toolkit-0.0.13.1/doc'
Making all in galaxy
make[3]: Entering directory `/build/buildd-fastx-toolkit_0.0.13.1-1-kfreebsd-amd64-Tv9c_A/fastx-toolkit-0.0.13.1/galaxy'
Making all in tools
make[4]: Entering directory `/build/buildd-fastx-toolkit_0.0.13.1-1-kfreebsd-amd64-Tv9c_A/fastx-toolkit-0.0.13.1/galaxy/tools'
Making all in fastx_toolkit
make[5]: Entering directory `/build/buildd-fastx-toolkit_0.0.13.1-1-kfreebsd-amd64-Tv9c_A/fastx-toolkit-0.0.13.1/galaxy/tools/fastx_toolkit'
make[5]: Nothing to be done for `all'.
make[5]: Leaving directory `/build/buildd-fastx-toolkit_0.0.13.1-1-kfreebsd-amd64-Tv9c_A/fastx-toolkit-0.0.13.1/galaxy/tools/fastx_toolkit'
Making all in cshl_custom_fastx_toolkit
make[5]: Entering directory `/build/buildd-fastx-toolkit_0.0.13.1-1-kfreebsd-amd64-Tv9c_A/fastx-toolkit-0.0.13.1/galaxy/tools/cshl_custom_fastx_toolkit'
make[5]: Nothing to be done for `all'.
make[5]: Leaving directory `/build/buildd-fastx-toolkit_0.0.13.1-1-kfreebsd-amd64-Tv9c_A/fastx-toolkit-0.0.13.1/galaxy/tools/cshl_custom_fastx_toolkit'
make[5]: Entering directory `/build/buildd-fastx-toolkit_0.0.13.1-1-kfreebsd-amd64-Tv9c_A/fastx-toolkit-0.0.13.1/galaxy/tools'
make[5]: Nothing to be done for `all-am'.
make[5]: Leaving directory `/build/buildd-fastx-toolkit_0.0.13.1-1-kfreebsd-amd64-Tv9c_A/fastx-toolkit-0.0.13.1/galaxy/tools'
make[4]: Leaving directory `/build/buildd-fastx-toolkit_0.0.13.1-1-kfreebsd-amd64-Tv9c_A/fastx-toolkit-0.0.13.1/galaxy/tools'
Making all in test-data
make[4]: Entering directory `/build/buildd-fastx-toolkit_0.0.13.1-1-kfreebsd-amd64-Tv9c_A/fastx-toolkit-0.0.13.1/galaxy/test-data'
make[4]: Nothing to be done for `all'.
make[4]: Leaving directory `/build/buildd-fastx-toolkit_0.0.13.1-1-kfreebsd-amd64-Tv9c_A/fastx-toolkit-0.0.13.1/galaxy/test-data'
Making all in static
make[4]: Entering directory `/build/buildd-fastx-toolkit_0.0.13.1-1-kfreebsd-amd64-Tv9c_A/fastx-toolkit-0.0.13.1/galaxy/static'
Making all in fastx_icons
make[5]: Entering directory `/build/buildd-fastx-toolkit_0.0.13.1-1-kfreebsd-amd64-Tv9c_A/fastx-toolkit-0.0.13.1/galaxy/static/fastx_icons'
make[5]: Nothing to be done for `all'.
make[5]: Leaving directory `/build/buildd-fastx-toolkit_0.0.13.1-1-kfreebsd-amd64-Tv9c_A/fastx-toolkit-0.0.13.1/galaxy/static/fastx_icons'
make[5]: Entering directory `/build/buildd-fastx-toolkit_0.0.13.1-1-kfreebsd-amd64-Tv9c_A/fastx-toolkit-0.0.13.1/galaxy/static'
make[5]: Nothing to be done for `all-am'.
make[5]: Leaving directory `/build/buildd-fastx-toolkit_0.0.13.1-1-kfreebsd-amd64-Tv9c_A/fastx-toolkit-0.0.13.1/galaxy/static'
make[4]: Leaving directory `/build/buildd-fastx-toolkit_0.0.13.1-1-kfreebsd-amd64-Tv9c_A/fastx-toolkit-0.0.13.1/galaxy/static'
Making all in tool-data
make[4]: Entering directory `/build/buildd-fastx-toolkit_0.0.13.1-1-kfreebsd-amd64-Tv9c_A/fastx-toolkit-0.0.13.1/galaxy/tool-data'
make[4]: Nothing to be done for `all'.
make[4]: Leaving directory `/build/buildd-fastx-toolkit_0.0.13.1-1-kfreebsd-amd64-Tv9c_A/fastx-toolkit-0.0.13.1/galaxy/tool-data'
make[4]: Entering directory `/build/buildd-fastx-toolkit_0.0.13.1-1-kfreebsd-amd64-Tv9c_A/fastx-toolkit-0.0.13.1/galaxy'
make[4]: Nothing to be done for `all-am'.
make[4]: Leaving directory `/build/buildd-fastx-toolkit_0.0.13.1-1-kfreebsd-amd64-Tv9c_A/fastx-toolkit-0.0.13.1/galaxy'
make[3]: Leaving directory `/build/buildd-fastx-toolkit_0.0.13.1-1-kfreebsd-amd64-Tv9c_A/fastx-toolkit-0.0.13.1/galaxy'
Making all in scripts
make[3]: Entering directory `/build/buildd-fastx-toolkit_0.0.13.1-1-kfreebsd-amd64-Tv9c_A/fastx-toolkit-0.0.13.1/scripts'
make[3]: Nothing to be done for `all'.
make[3]: Leaving directory `/build/buildd-fastx-toolkit_0.0.13.1-1-kfreebsd-amd64-Tv9c_A/fastx-toolkit-0.0.13.1/scripts'
Making all in build_scripts
make[3]: Entering directory `/build/buildd-fastx-toolkit_0.0.13.1-1-kfreebsd-amd64-Tv9c_A/fastx-toolkit-0.0.13.1/build_scripts'
make[3]: Nothing to be done for `all'.
make[3]: Leaving directory `/build/buildd-fastx-toolkit_0.0.13.1-1-kfreebsd-amd64-Tv9c_A/fastx-toolkit-0.0.13.1/build_scripts'
make[3]: Entering directory `/build/buildd-fastx-toolkit_0.0.13.1-1-kfreebsd-amd64-Tv9c_A/fastx-toolkit-0.0.13.1'
make[3]: Nothing to be done for `all-am'.
make[3]: Leaving directory `/build/buildd-fastx-toolkit_0.0.13.1-1-kfreebsd-amd64-Tv9c_A/fastx-toolkit-0.0.13.1'
make[2]: Leaving directory `/build/buildd-fastx-toolkit_0.0.13.1-1-kfreebsd-amd64-Tv9c_A/fastx-toolkit-0.0.13.1'
make[1]: Leaving directory `/build/buildd-fastx-toolkit_0.0.13.1-1-kfreebsd-amd64-Tv9c_A/fastx-toolkit-0.0.13.1'
touch debian/stamp-makefile-build
DEB_MAKE_CHECK_TARGET unset, not running checks
 fakeroot debian/rules binary-arch
test -x debian/rules
dh_testroot
dh_prep 
dh_installdirs -A 
mkdir -p "."
if test -e /usr/share/misc/config.guess ; then \
		for i in ./config/config.guess ; do \
			if ! test -e $i.cdbs-orig ; then \
				mv $i $i.cdbs-orig ; \
				cp --remove-destination /usr/share/misc/config.guess $i ; \
			fi ; \
		done ; \
	fi
if test -e /usr/share/misc/config.sub ; then \
		for i in ./config/config.sub ; do \
			if ! test -e $i.cdbs-orig ; then \
				mv $i $i.cdbs-orig ; \
				cp --remove-destination /usr/share/misc/config.sub $i ; \
			fi ; \
		done ; \
	fi
DEB_MAKE_CHECK_TARGET unset, not running checks
/usr/bin/make  -C .  install DESTDIR=/build/buildd-fastx-toolkit_0.0.13.1-1-kfreebsd-amd64-Tv9c_A/fastx-toolkit-0.0.13.1/debian/fastx-toolkit/
make[1]: Entering directory `/build/buildd-fastx-toolkit_0.0.13.1-1-kfreebsd-amd64-Tv9c_A/fastx-toolkit-0.0.13.1'
Making install in m4
make[2]: Entering directory `/build/buildd-fastx-toolkit_0.0.13.1-1-kfreebsd-amd64-Tv9c_A/fastx-toolkit-0.0.13.1/m4'
make[3]: Entering directory `/build/buildd-fastx-toolkit_0.0.13.1-1-kfreebsd-amd64-Tv9c_A/fastx-toolkit-0.0.13.1/m4'
make[3]: Nothing to be done for `install-exec-am'.
test -z "/usr/share/aclocal" || /bin/mkdir -p "/build/buildd-fastx-toolkit_0.0.13.1-1-kfreebsd-amd64-Tv9c_A/fastx-toolkit-0.0.13.1/debian/fastx-toolkit//usr/share/aclocal"
 /usr/bin/install -c -m 644 'ax_c_long_long.m4' '/build/buildd-fastx-toolkit_0.0.13.1-1-kfreebsd-amd64-Tv9c_A/fastx-toolkit-0.0.13.1/debian/fastx-toolkit//usr/share/aclocal/ax_c_long_long.m4'
 /usr/bin/install -c -m 644 'ax_cxx_header_stdcxx_tr1.m4' '/build/buildd-fastx-toolkit_0.0.13.1-1-kfreebsd-amd64-Tv9c_A/fastx-toolkit-0.0.13.1/debian/fastx-toolkit//usr/share/aclocal/ax_cxx_header_stdcxx_tr1.m4'
make[3]: Leaving directory `/build/buildd-fastx-toolkit_0.0.13.1-1-kfreebsd-amd64-Tv9c_A/fastx-toolkit-0.0.13.1/m4'
make[2]: Leaving directory `/build/buildd-fastx-toolkit_0.0.13.1-1-kfreebsd-amd64-Tv9c_A/fastx-toolkit-0.0.13.1/m4'
Making install in src
make[2]: Entering directory `/build/buildd-fastx-toolkit_0.0.13.1-1-kfreebsd-amd64-Tv9c_A/fastx-toolkit-0.0.13.1/src'
Making install in libfastx
make[3]: Entering directory `/build/buildd-fastx-toolkit_0.0.13.1-1-kfreebsd-amd64-Tv9c_A/fastx-toolkit-0.0.13.1/src/libfastx'
make[4]: Entering directory `/build/buildd-fastx-toolkit_0.0.13.1-1-kfreebsd-amd64-Tv9c_A/fastx-toolkit-0.0.13.1/src/libfastx'
make[4]: Nothing to be done for `install-exec-am'.
make[4]: Nothing to be done for `install-data-am'.
make[4]: Leaving directory `/build/buildd-fastx-toolkit_0.0.13.1-1-kfreebsd-amd64-Tv9c_A/fastx-toolkit-0.0.13.1/src/libfastx'
make[3]: Leaving directory `/build/buildd-fastx-toolkit_0.0.13.1-1-kfreebsd-amd64-Tv9c_A/fastx-toolkit-0.0.13.1/src/libfastx'
Making install in fastx_clipper
make[3]: Entering directory `/build/buildd-fastx-toolkit_0.0.13.1-1-kfreebsd-amd64-Tv9c_A/fastx-toolkit-0.0.13.1/src/fastx_clipper'
make[4]: Entering directory `/build/buildd-fastx-toolkit_0.0.13.1-1-kfreebsd-amd64-Tv9c_A/fastx-toolkit-0.0.13.1/src/fastx_clipper'
test -z "/usr/bin" || /bin/mkdir -p "/build/buildd-fastx-toolkit_0.0.13.1-1-kfreebsd-amd64-Tv9c_A/fastx-toolkit-0.0.13.1/debian/fastx-toolkit//usr/bin"
  /bin/bash ../../libtool   --mode=install /usr/bin/install -c 'fastx_clipper' '/build/buildd-fastx-toolkit_0.0.13.1-1-kfreebsd-amd64-Tv9c_A/fastx-toolkit-0.0.13.1/debian/fastx-toolkit//usr/bin/fastx_clipper'
libtool: install: /usr/bin/install -c fastx_clipper /build/buildd-fastx-toolkit_0.0.13.1-1-kfreebsd-amd64-Tv9c_A/fastx-toolkit-0.0.13.1/debian/fastx-toolkit//usr/bin/fastx_clipper
make[4]: Nothing to be done for `install-data-am'.
make[4]: Leaving directory `/build/buildd-fastx-toolkit_0.0.13.1-1-kfreebsd-amd64-Tv9c_A/fastx-toolkit-0.0.13.1/src/fastx_clipper'
make[3]: Leaving directory `/build/buildd-fastx-toolkit_0.0.13.1-1-kfreebsd-amd64-Tv9c_A/fastx-toolkit-0.0.13.1/src/fastx_clipper'
Making install in fastx_trimmer
make[3]: Entering directory `/build/buildd-fastx-toolkit_0.0.13.1-1-kfreebsd-amd64-Tv9c_A/fastx-toolkit-0.0.13.1/src/fastx_trimmer'
make[4]: Entering directory `/build/buildd-fastx-toolkit_0.0.13.1-1-kfreebsd-amd64-Tv9c_A/fastx-toolkit-0.0.13.1/src/fastx_trimmer'
test -z "/usr/bin" || /bin/mkdir -p "/build/buildd-fastx-toolkit_0.0.13.1-1-kfreebsd-amd64-Tv9c_A/fastx-toolkit-0.0.13.1/debian/fastx-toolkit//usr/bin"
  /bin/bash ../../libtool   --mode=install /usr/bin/install -c 'fastx_trimmer' '/build/buildd-fastx-toolkit_0.0.13.1-1-kfreebsd-amd64-Tv9c_A/fastx-toolkit-0.0.13.1/debian/fastx-toolkit//usr/bin/fastx_trimmer'
libtool: install: /usr/bin/install -c fastx_trimmer /build/buildd-fastx-toolkit_0.0.13.1-1-kfreebsd-amd64-Tv9c_A/fastx-toolkit-0.0.13.1/debian/fastx-toolkit//usr/bin/fastx_trimmer
make[4]: Nothing to be done for `install-data-am'.
make[4]: Leaving directory `/build/buildd-fastx-toolkit_0.0.13.1-1-kfreebsd-amd64-Tv9c_A/fastx-toolkit-0.0.13.1/src/fastx_trimmer'
make[3]: Leaving directory `/build/buildd-fastx-toolkit_0.0.13.1-1-kfreebsd-amd64-Tv9c_A/fastx-toolkit-0.0.13.1/src/fastx_trimmer'
Making install in fastx_quality_stats
make[3]: Entering directory `/build/buildd-fastx-toolkit_0.0.13.1-1-kfreebsd-amd64-Tv9c_A/fastx-toolkit-0.0.13.1/src/fastx_quality_stats'
make[4]: Entering directory `/build/buildd-fastx-toolkit_0.0.13.1-1-kfreebsd-amd64-Tv9c_A/fastx-toolkit-0.0.13.1/src/fastx_quality_stats'
test -z "/usr/bin" || /bin/mkdir -p "/build/buildd-fastx-toolkit_0.0.13.1-1-kfreebsd-amd64-Tv9c_A/fastx-toolkit-0.0.13.1/debian/fastx-toolkit//usr/bin"
  /bin/bash ../../libtool   --mode=install /usr/bin/install -c 'fastx_quality_stats' '/build/buildd-fastx-toolkit_0.0.13.1-1-kfreebsd-amd64-Tv9c_A/fastx-toolkit-0.0.13.1/debian/fastx-toolkit//usr/bin/fastx_quality_stats'
libtool: install: /usr/bin/install -c fastx_quality_stats /build/buildd-fastx-toolkit_0.0.13.1-1-kfreebsd-amd64-Tv9c_A/fastx-toolkit-0.0.13.1/debian/fastx-toolkit//usr/bin/fastx_quality_stats
make[4]: Nothing to be done for `install-data-am'.
make[4]: Leaving directory `/build/buildd-fastx-toolkit_0.0.13.1-1-kfreebsd-amd64-Tv9c_A/fastx-toolkit-0.0.13.1/src/fastx_quality_stats'
make[3]: Leaving directory `/build/buildd-fastx-toolkit_0.0.13.1-1-kfreebsd-amd64-Tv9c_A/fastx-toolkit-0.0.13.1/src/fastx_quality_stats'
Making install in fastq_quality_converter
make[3]: Entering directory `/build/buildd-fastx-toolkit_0.0.13.1-1-kfreebsd-amd64-Tv9c_A/fastx-toolkit-0.0.13.1/src/fastq_quality_converter'
make[4]: Entering directory `/build/buildd-fastx-toolkit_0.0.13.1-1-kfreebsd-amd64-Tv9c_A/fastx-toolkit-0.0.13.1/src/fastq_quality_converter'
test -z "/usr/bin" || /bin/mkdir -p "/build/buildd-fastx-toolkit_0.0.13.1-1-kfreebsd-amd64-Tv9c_A/fastx-toolkit-0.0.13.1/debian/fastx-toolkit//usr/bin"
  /bin/bash ../../libtool   --mode=install /usr/bin/install -c 'fastq_quality_converter' '/build/buildd-fastx-toolkit_0.0.13.1-1-kfreebsd-amd64-Tv9c_A/fastx-toolkit-0.0.13.1/debian/fastx-toolkit//usr/bin/fastq_quality_converter'
libtool: install: /usr/bin/install -c fastq_quality_converter /build/buildd-fastx-toolkit_0.0.13.1-1-kfreebsd-amd64-Tv9c_A/fastx-toolkit-0.0.13.1/debian/fastx-toolkit//usr/bin/fastq_quality_converter
make[4]: Nothing to be done for `install-data-am'.
make[4]: Leaving directory `/build/buildd-fastx-toolkit_0.0.13.1-1-kfreebsd-amd64-Tv9c_A/fastx-toolkit-0.0.13.1/src/fastq_quality_converter'
make[3]: Leaving directory `/build/buildd-fastx-toolkit_0.0.13.1-1-kfreebsd-amd64-Tv9c_A/fastx-toolkit-0.0.13.1/src/fastq_quality_converter'
Making install in fastq_to_fasta
make[3]: Entering directory `/build/buildd-fastx-toolkit_0.0.13.1-1-kfreebsd-amd64-Tv9c_A/fastx-toolkit-0.0.13.1/src/fastq_to_fasta'
make[4]: Entering directory `/build/buildd-fastx-toolkit_0.0.13.1-1-kfreebsd-amd64-Tv9c_A/fastx-toolkit-0.0.13.1/src/fastq_to_fasta'
test -z "/usr/bin" || /bin/mkdir -p "/build/buildd-fastx-toolkit_0.0.13.1-1-kfreebsd-amd64-Tv9c_A/fastx-toolkit-0.0.13.1/debian/fastx-toolkit//usr/bin"
  /bin/bash ../../libtool   --mode=install /usr/bin/install -c 'fastq_to_fasta' '/build/buildd-fastx-toolkit_0.0.13.1-1-kfreebsd-amd64-Tv9c_A/fastx-toolkit-0.0.13.1/debian/fastx-toolkit//usr/bin/fastq_to_fasta'
libtool: install: /usr/bin/install -c fastq_to_fasta /build/buildd-fastx-toolkit_0.0.13.1-1-kfreebsd-amd64-Tv9c_A/fastx-toolkit-0.0.13.1/debian/fastx-toolkit//usr/bin/fastq_to_fasta
make[4]: Nothing to be done for `install-data-am'.
make[4]: Leaving directory `/build/buildd-fastx-toolkit_0.0.13.1-1-kfreebsd-amd64-Tv9c_A/fastx-toolkit-0.0.13.1/src/fastq_to_fasta'
make[3]: Leaving directory `/build/buildd-fastx-toolkit_0.0.13.1-1-kfreebsd-amd64-Tv9c_A/fastx-toolkit-0.0.13.1/src/fastq_to_fasta'
Making install in fastq_quality_filter
make[3]: Entering directory `/build/buildd-fastx-toolkit_0.0.13.1-1-kfreebsd-amd64-Tv9c_A/fastx-toolkit-0.0.13.1/src/fastq_quality_filter'
make[4]: Entering directory `/build/buildd-fastx-toolkit_0.0.13.1-1-kfreebsd-amd64-Tv9c_A/fastx-toolkit-0.0.13.1/src/fastq_quality_filter'
test -z "/usr/bin" || /bin/mkdir -p "/build/buildd-fastx-toolkit_0.0.13.1-1-kfreebsd-amd64-Tv9c_A/fastx-toolkit-0.0.13.1/debian/fastx-toolkit//usr/bin"
  /bin/bash ../../libtool   --mode=install /usr/bin/install -c 'fastq_quality_filter' '/build/buildd-fastx-toolkit_0.0.13.1-1-kfreebsd-amd64-Tv9c_A/fastx-toolkit-0.0.13.1/debian/fastx-toolkit//usr/bin/fastq_quality_filter'
libtool: install: /usr/bin/install -c fastq_quality_filter /build/buildd-fastx-toolkit_0.0.13.1-1-kfreebsd-amd64-Tv9c_A/fastx-toolkit-0.0.13.1/debian/fastx-toolkit//usr/bin/fastq_quality_filter
make[4]: Nothing to be done for `install-data-am'.
make[4]: Leaving directory `/build/buildd-fastx-toolkit_0.0.13.1-1-kfreebsd-amd64-Tv9c_A/fastx-toolkit-0.0.13.1/src/fastq_quality_filter'
make[3]: Leaving directory `/build/buildd-fastx-toolkit_0.0.13.1-1-kfreebsd-amd64-Tv9c_A/fastx-toolkit-0.0.13.1/src/fastq_quality_filter'
Making install in fastq_quality_trimmer
make[3]: Entering directory `/build/buildd-fastx-toolkit_0.0.13.1-1-kfreebsd-amd64-Tv9c_A/fastx-toolkit-0.0.13.1/src/fastq_quality_trimmer'
make[4]: Entering directory `/build/buildd-fastx-toolkit_0.0.13.1-1-kfreebsd-amd64-Tv9c_A/fastx-toolkit-0.0.13.1/src/fastq_quality_trimmer'
test -z "/usr/bin" || /bin/mkdir -p "/build/buildd-fastx-toolkit_0.0.13.1-1-kfreebsd-amd64-Tv9c_A/fastx-toolkit-0.0.13.1/debian/fastx-toolkit//usr/bin"
  /bin/bash ../../libtool   --mode=install /usr/bin/install -c 'fastq_quality_trimmer' '/build/buildd-fastx-toolkit_0.0.13.1-1-kfreebsd-amd64-Tv9c_A/fastx-toolkit-0.0.13.1/debian/fastx-toolkit//usr/bin/fastq_quality_trimmer'
libtool: install: /usr/bin/install -c fastq_quality_trimmer /build/buildd-fastx-toolkit_0.0.13.1-1-kfreebsd-amd64-Tv9c_A/fastx-toolkit-0.0.13.1/debian/fastx-toolkit//usr/bin/fastq_quality_trimmer
make[4]: Nothing to be done for `install-data-am'.
make[4]: Leaving directory `/build/buildd-fastx-toolkit_0.0.13.1-1-kfreebsd-amd64-Tv9c_A/fastx-toolkit-0.0.13.1/src/fastq_quality_trimmer'
make[3]: Leaving directory `/build/buildd-fastx-toolkit_0.0.13.1-1-kfreebsd-amd64-Tv9c_A/fastx-toolkit-0.0.13.1/src/fastq_quality_trimmer'
Making install in fastx_artifacts_filter
make[3]: Entering directory `/build/buildd-fastx-toolkit_0.0.13.1-1-kfreebsd-amd64-Tv9c_A/fastx-toolkit-0.0.13.1/src/fastx_artifacts_filter'
make[4]: Entering directory `/build/buildd-fastx-toolkit_0.0.13.1-1-kfreebsd-amd64-Tv9c_A/fastx-toolkit-0.0.13.1/src/fastx_artifacts_filter'
test -z "/usr/bin" || /bin/mkdir -p "/build/buildd-fastx-toolkit_0.0.13.1-1-kfreebsd-amd64-Tv9c_A/fastx-toolkit-0.0.13.1/debian/fastx-toolkit//usr/bin"
  /bin/bash ../../libtool   --mode=install /usr/bin/install -c 'fastx_artifacts_filter' '/build/buildd-fastx-toolkit_0.0.13.1-1-kfreebsd-amd64-Tv9c_A/fastx-toolkit-0.0.13.1/debian/fastx-toolkit//usr/bin/fastx_artifacts_filter'
libtool: install: /usr/bin/install -c fastx_artifacts_filter /build/buildd-fastx-toolkit_0.0.13.1-1-kfreebsd-amd64-Tv9c_A/fastx-toolkit-0.0.13.1/debian/fastx-toolkit//usr/bin/fastx_artifacts_filter
make[4]: Nothing to be done for `install-data-am'.
make[4]: Leaving directory `/build/buildd-fastx-toolkit_0.0.13.1-1-kfreebsd-amd64-Tv9c_A/fastx-toolkit-0.0.13.1/src/fastx_artifacts_filter'
make[3]: Leaving directory `/build/buildd-fastx-toolkit_0.0.13.1-1-kfreebsd-amd64-Tv9c_A/fastx-toolkit-0.0.13.1/src/fastx_artifacts_filter'
Making install in fastx_reverse_complement
make[3]: Entering directory `/build/buildd-fastx-toolkit_0.0.13.1-1-kfreebsd-amd64-Tv9c_A/fastx-toolkit-0.0.13.1/src/fastx_reverse_complement'
make[4]: Entering directory `/build/buildd-fastx-toolkit_0.0.13.1-1-kfreebsd-amd64-Tv9c_A/fastx-toolkit-0.0.13.1/src/fastx_reverse_complement'
test -z "/usr/bin" || /bin/mkdir -p "/build/buildd-fastx-toolkit_0.0.13.1-1-kfreebsd-amd64-Tv9c_A/fastx-toolkit-0.0.13.1/debian/fastx-toolkit//usr/bin"
  /bin/bash ../../libtool   --mode=install /usr/bin/install -c 'fastx_reverse_complement' '/build/buildd-fastx-toolkit_0.0.13.1-1-kfreebsd-amd64-Tv9c_A/fastx-toolkit-0.0.13.1/debian/fastx-toolkit//usr/bin/fastx_reverse_complement'
libtool: install: /usr/bin/install -c fastx_reverse_complement /build/buildd-fastx-toolkit_0.0.13.1-1-kfreebsd-amd64-Tv9c_A/fastx-toolkit-0.0.13.1/debian/fastx-toolkit//usr/bin/fastx_reverse_complement
make[4]: Nothing to be done for `install-data-am'.
make[4]: Leaving directory `/build/buildd-fastx-toolkit_0.0.13.1-1-kfreebsd-amd64-Tv9c_A/fastx-toolkit-0.0.13.1/src/fastx_reverse_complement'
make[3]: Leaving directory `/build/buildd-fastx-toolkit_0.0.13.1-1-kfreebsd-amd64-Tv9c_A/fastx-toolkit-0.0.13.1/src/fastx_reverse_complement'
Making install in fastx_collapser
make[3]: Entering directory `/build/buildd-fastx-toolkit_0.0.13.1-1-kfreebsd-amd64-Tv9c_A/fastx-toolkit-0.0.13.1/src/fastx_collapser'
make[4]: Entering directory `/build/buildd-fastx-toolkit_0.0.13.1-1-kfreebsd-amd64-Tv9c_A/fastx-toolkit-0.0.13.1/src/fastx_collapser'
test -z "/usr/bin" || /bin/mkdir -p "/build/buildd-fastx-toolkit_0.0.13.1-1-kfreebsd-amd64-Tv9c_A/fastx-toolkit-0.0.13.1/debian/fastx-toolkit//usr/bin"
  /bin/bash ../../libtool   --mode=install /usr/bin/install -c 'fastx_collapser' '/build/buildd-fastx-toolkit_0.0.13.1-1-kfreebsd-amd64-Tv9c_A/fastx-toolkit-0.0.13.1/debian/fastx-toolkit//usr/bin/fastx_collapser'
libtool: install: /usr/bin/install -c fastx_collapser /build/buildd-fastx-toolkit_0.0.13.1-1-kfreebsd-amd64-Tv9c_A/fastx-toolkit-0.0.13.1/debian/fastx-toolkit//usr/bin/fastx_collapser
make[4]: Nothing to be done for `install-data-am'.
make[4]: Leaving directory `/build/buildd-fastx-toolkit_0.0.13.1-1-kfreebsd-amd64-Tv9c_A/fastx-toolkit-0.0.13.1/src/fastx_collapser'
make[3]: Leaving directory `/build/buildd-fastx-toolkit_0.0.13.1-1-kfreebsd-amd64-Tv9c_A/fastx-toolkit-0.0.13.1/src/fastx_collapser'
Making install in fastx_uncollapser
make[3]: Entering directory `/build/buildd-fastx-toolkit_0.0.13.1-1-kfreebsd-amd64-Tv9c_A/fastx-toolkit-0.0.13.1/src/fastx_uncollapser'
make[4]: Entering directory `/build/buildd-fastx-toolkit_0.0.13.1-1-kfreebsd-amd64-Tv9c_A/fastx-toolkit-0.0.13.1/src/fastx_uncollapser'
test -z "/usr/bin" || /bin/mkdir -p "/build/buildd-fastx-toolkit_0.0.13.1-1-kfreebsd-amd64-Tv9c_A/fastx-toolkit-0.0.13.1/debian/fastx-toolkit//usr/bin"
  /bin/bash ../../libtool   --mode=install /usr/bin/install -c 'fastx_uncollapser' '/build/buildd-fastx-toolkit_0.0.13.1-1-kfreebsd-amd64-Tv9c_A/fastx-toolkit-0.0.13.1/debian/fastx-toolkit//usr/bin/fastx_uncollapser'
libtool: install: /usr/bin/install -c fastx_uncollapser /build/buildd-fastx-toolkit_0.0.13.1-1-kfreebsd-amd64-Tv9c_A/fastx-toolkit-0.0.13.1/debian/fastx-toolkit//usr/bin/fastx_uncollapser
make[4]: Nothing to be done for `install-data-am'.
make[4]: Leaving directory `/build/buildd-fastx-toolkit_0.0.13.1-1-kfreebsd-amd64-Tv9c_A/fastx-toolkit-0.0.13.1/src/fastx_uncollapser'
make[3]: Leaving directory `/build/buildd-fastx-toolkit_0.0.13.1-1-kfreebsd-amd64-Tv9c_A/fastx-toolkit-0.0.13.1/src/fastx_uncollapser'
Making install in seqalign_test
make[3]: Entering directory `/build/buildd-fastx-toolkit_0.0.13.1-1-kfreebsd-amd64-Tv9c_A/fastx-toolkit-0.0.13.1/src/seqalign_test'
make[4]: Entering directory `/build/buildd-fastx-toolkit_0.0.13.1-1-kfreebsd-amd64-Tv9c_A/fastx-toolkit-0.0.13.1/src/seqalign_test'
make[4]: Nothing to be done for `install-exec-am'.
make[4]: Nothing to be done for `install-data-am'.
make[4]: Leaving directory `/build/buildd-fastx-toolkit_0.0.13.1-1-kfreebsd-amd64-Tv9c_A/fastx-toolkit-0.0.13.1/src/seqalign_test'
make[3]: Leaving directory `/build/buildd-fastx-toolkit_0.0.13.1-1-kfreebsd-amd64-Tv9c_A/fastx-toolkit-0.0.13.1/src/seqalign_test'
Making install in fasta_formatter
make[3]: Entering directory `/build/buildd-fastx-toolkit_0.0.13.1-1-kfreebsd-amd64-Tv9c_A/fastx-toolkit-0.0.13.1/src/fasta_formatter'
make[4]: Entering directory `/build/buildd-fastx-toolkit_0.0.13.1-1-kfreebsd-amd64-Tv9c_A/fastx-toolkit-0.0.13.1/src/fasta_formatter'
test -z "/usr/bin" || /bin/mkdir -p "/build/buildd-fastx-toolkit_0.0.13.1-1-kfreebsd-amd64-Tv9c_A/fastx-toolkit-0.0.13.1/debian/fastx-toolkit//usr/bin"
  /bin/bash ../../libtool   --mode=install /usr/bin/install -c 'fasta_formatter' '/build/buildd-fastx-toolkit_0.0.13.1-1-kfreebsd-amd64-Tv9c_A/fastx-toolkit-0.0.13.1/debian/fastx-toolkit//usr/bin/fasta_formatter'
libtool: install: /usr/bin/install -c fasta_formatter /build/buildd-fastx-toolkit_0.0.13.1-1-kfreebsd-amd64-Tv9c_A/fastx-toolkit-0.0.13.1/debian/fastx-toolkit//usr/bin/fasta_formatter
make[4]: Nothing to be done for `install-data-am'.
make[4]: Leaving directory `/build/buildd-fastx-toolkit_0.0.13.1-1-kfreebsd-amd64-Tv9c_A/fastx-toolkit-0.0.13.1/src/fasta_formatter'
make[3]: Leaving directory `/build/buildd-fastx-toolkit_0.0.13.1-1-kfreebsd-amd64-Tv9c_A/fastx-toolkit-0.0.13.1/src/fasta_formatter'
Making install in fasta_nucleotide_changer
make[3]: Entering directory `/build/buildd-fastx-toolkit_0.0.13.1-1-kfreebsd-amd64-Tv9c_A/fastx-toolkit-0.0.13.1/src/fasta_nucleotide_changer'
make[4]: Entering directory `/build/buildd-fastx-toolkit_0.0.13.1-1-kfreebsd-amd64-Tv9c_A/fastx-toolkit-0.0.13.1/src/fasta_nucleotide_changer'
test -z "/usr/bin" || /bin/mkdir -p "/build/buildd-fastx-toolkit_0.0.13.1-1-kfreebsd-amd64-Tv9c_A/fastx-toolkit-0.0.13.1/debian/fastx-toolkit//usr/bin"
  /bin/bash ../../libtool   --mode=install /usr/bin/install -c 'fasta_nucleotide_changer' '/build/buildd-fastx-toolkit_0.0.13.1-1-kfreebsd-amd64-Tv9c_A/fastx-toolkit-0.0.13.1/debian/fastx-toolkit//usr/bin/fasta_nucleotide_changer'
libtool: install: /usr/bin/install -c fasta_nucleotide_changer /build/buildd-fastx-toolkit_0.0.13.1-1-kfreebsd-amd64-Tv9c_A/fastx-toolkit-0.0.13.1/debian/fastx-toolkit//usr/bin/fasta_nucleotide_changer
make[4]: Nothing to be done for `install-data-am'.
make[4]: Leaving directory `/build/buildd-fastx-toolkit_0.0.13.1-1-kfreebsd-amd64-Tv9c_A/fastx-toolkit-0.0.13.1/src/fasta_nucleotide_changer'
make[3]: Leaving directory `/build/buildd-fastx-toolkit_0.0.13.1-1-kfreebsd-amd64-Tv9c_A/fastx-toolkit-0.0.13.1/src/fasta_nucleotide_changer'
Making install in fastx_renamer
make[3]: Entering directory `/build/buildd-fastx-toolkit_0.0.13.1-1-kfreebsd-amd64-Tv9c_A/fastx-toolkit-0.0.13.1/src/fastx_renamer'
make[4]: Entering directory `/build/buildd-fastx-toolkit_0.0.13.1-1-kfreebsd-amd64-Tv9c_A/fastx-toolkit-0.0.13.1/src/fastx_renamer'
test -z "/usr/bin" || /bin/mkdir -p "/build/buildd-fastx-toolkit_0.0.13.1-1-kfreebsd-amd64-Tv9c_A/fastx-toolkit-0.0.13.1/debian/fastx-toolkit//usr/bin"
  /bin/bash ../../libtool   --mode=install /usr/bin/install -c 'fastx_renamer' '/build/buildd-fastx-toolkit_0.0.13.1-1-kfreebsd-amd64-Tv9c_A/fastx-toolkit-0.0.13.1/debian/fastx-toolkit//usr/bin/fastx_renamer'
libtool: install: /usr/bin/install -c fastx_renamer /build/buildd-fastx-toolkit_0.0.13.1-1-kfreebsd-amd64-Tv9c_A/fastx-toolkit-0.0.13.1/debian/fastx-toolkit//usr/bin/fastx_renamer
make[4]: Nothing to be done for `install-data-am'.
make[4]: Leaving directory `/build/buildd-fastx-toolkit_0.0.13.1-1-kfreebsd-amd64-Tv9c_A/fastx-toolkit-0.0.13.1/src/fastx_renamer'
make[3]: Leaving directory `/build/buildd-fastx-toolkit_0.0.13.1-1-kfreebsd-amd64-Tv9c_A/fastx-toolkit-0.0.13.1/src/fastx_renamer'
Making install in fastq_masker
make[3]: Entering directory `/build/buildd-fastx-toolkit_0.0.13.1-1-kfreebsd-amd64-Tv9c_A/fastx-toolkit-0.0.13.1/src/fastq_masker'
make[4]: Entering directory `/build/buildd-fastx-toolkit_0.0.13.1-1-kfreebsd-amd64-Tv9c_A/fastx-toolkit-0.0.13.1/src/fastq_masker'
test -z "/usr/bin" || /bin/mkdir -p "/build/buildd-fastx-toolkit_0.0.13.1-1-kfreebsd-amd64-Tv9c_A/fastx-toolkit-0.0.13.1/debian/fastx-toolkit//usr/bin"
  /bin/bash ../../libtool   --mode=install /usr/bin/install -c 'fastq_masker' '/build/buildd-fastx-toolkit_0.0.13.1-1-kfreebsd-amd64-Tv9c_A/fastx-toolkit-0.0.13.1/debian/fastx-toolkit//usr/bin/fastq_masker'
libtool: install: /usr/bin/install -c fastq_masker /build/buildd-fastx-toolkit_0.0.13.1-1-kfreebsd-amd64-Tv9c_A/fastx-toolkit-0.0.13.1/debian/fastx-toolkit//usr/bin/fastq_masker
make[4]: Nothing to be done for `install-data-am'.
make[4]: Leaving directory `/build/buildd-fastx-toolkit_0.0.13.1-1-kfreebsd-amd64-Tv9c_A/fastx-toolkit-0.0.13.1/src/fastq_masker'
make[3]: Leaving directory `/build/buildd-fastx-toolkit_0.0.13.1-1-kfreebsd-amd64-Tv9c_A/fastx-toolkit-0.0.13.1/src/fastq_masker'
make[3]: Entering directory `/build/buildd-fastx-toolkit_0.0.13.1-1-kfreebsd-amd64-Tv9c_A/fastx-toolkit-0.0.13.1/src'
make[4]: Entering directory `/build/buildd-fastx-toolkit_0.0.13.1-1-kfreebsd-amd64-Tv9c_A/fastx-toolkit-0.0.13.1/src'
make[4]: Nothing to be done for `install-exec-am'.
make[4]: Nothing to be done for `install-data-am'.
make[4]: Leaving directory `/build/buildd-fastx-toolkit_0.0.13.1-1-kfreebsd-amd64-Tv9c_A/fastx-toolkit-0.0.13.1/src'
make[3]: Leaving directory `/build/buildd-fastx-toolkit_0.0.13.1-1-kfreebsd-amd64-Tv9c_A/fastx-toolkit-0.0.13.1/src'
make[2]: Leaving directory `/build/buildd-fastx-toolkit_0.0.13.1-1-kfreebsd-amd64-Tv9c_A/fastx-toolkit-0.0.13.1/src'
Making install in doc
make[2]: Entering directory `/build/buildd-fastx-toolkit_0.0.13.1-1-kfreebsd-amd64-Tv9c_A/fastx-toolkit-0.0.13.1/doc'
make[3]: Entering directory `/build/buildd-fastx-toolkit_0.0.13.1-1-kfreebsd-amd64-Tv9c_A/fastx-toolkit-0.0.13.1/doc'
make[3]: Nothing to be done for `install-exec-am'.
make[3]: Nothing to be done for `install-data-am'.
make[3]: Leaving directory `/build/buildd-fastx-toolkit_0.0.13.1-1-kfreebsd-amd64-Tv9c_A/fastx-toolkit-0.0.13.1/doc'
make[2]: Leaving directory `/build/buildd-fastx-toolkit_0.0.13.1-1-kfreebsd-amd64-Tv9c_A/fastx-toolkit-0.0.13.1/doc'
Making install in galaxy
make[2]: Entering directory `/build/buildd-fastx-toolkit_0.0.13.1-1-kfreebsd-amd64-Tv9c_A/fastx-toolkit-0.0.13.1/galaxy'
Making install in tools
make[3]: Entering directory `/build/buildd-fastx-toolkit_0.0.13.1-1-kfreebsd-amd64-Tv9c_A/fastx-toolkit-0.0.13.1/galaxy/tools'
Making install in fastx_toolkit
make[4]: Entering directory `/build/buildd-fastx-toolkit_0.0.13.1-1-kfreebsd-amd64-Tv9c_A/fastx-toolkit-0.0.13.1/galaxy/tools/fastx_toolkit'
make[5]: Entering directory `/build/buildd-fastx-toolkit_0.0.13.1-1-kfreebsd-amd64-Tv9c_A/fastx-toolkit-0.0.13.1/galaxy/tools/fastx_toolkit'
make[5]: Nothing to be done for `install-exec-am'.
make[5]: Nothing to be done for `install-data-am'.
make[5]: Leaving directory `/build/buildd-fastx-toolkit_0.0.13.1-1-kfreebsd-amd64-Tv9c_A/fastx-toolkit-0.0.13.1/galaxy/tools/fastx_toolkit'
make[4]: Leaving directory `/build/buildd-fastx-toolkit_0.0.13.1-1-kfreebsd-amd64-Tv9c_A/fastx-toolkit-0.0.13.1/galaxy/tools/fastx_toolkit'
Making install in cshl_custom_fastx_toolkit
make[4]: Entering directory `/build/buildd-fastx-toolkit_0.0.13.1-1-kfreebsd-amd64-Tv9c_A/fastx-toolkit-0.0.13.1/galaxy/tools/cshl_custom_fastx_toolkit'
make[5]: Entering directory `/build/buildd-fastx-toolkit_0.0.13.1-1-kfreebsd-amd64-Tv9c_A/fastx-toolkit-0.0.13.1/galaxy/tools/cshl_custom_fastx_toolkit'
make[5]: Nothing to be done for `install-exec-am'.
make[5]: Nothing to be done for `install-data-am'.
make[5]: Leaving directory `/build/buildd-fastx-toolkit_0.0.13.1-1-kfreebsd-amd64-Tv9c_A/fastx-toolkit-0.0.13.1/galaxy/tools/cshl_custom_fastx_toolkit'
make[4]: Leaving directory `/build/buildd-fastx-toolkit_0.0.13.1-1-kfreebsd-amd64-Tv9c_A/fastx-toolkit-0.0.13.1/galaxy/tools/cshl_custom_fastx_toolkit'
make[4]: Entering directory `/build/buildd-fastx-toolkit_0.0.13.1-1-kfreebsd-amd64-Tv9c_A/fastx-toolkit-0.0.13.1/galaxy/tools'
make[5]: Entering directory `/build/buildd-fastx-toolkit_0.0.13.1-1-kfreebsd-amd64-Tv9c_A/fastx-toolkit-0.0.13.1/galaxy/tools'
make[5]: Nothing to be done for `install-exec-am'.
make[5]: Nothing to be done for `install-data-am'.
make[5]: Leaving directory `/build/buildd-fastx-toolkit_0.0.13.1-1-kfreebsd-amd64-Tv9c_A/fastx-toolkit-0.0.13.1/galaxy/tools'
make[4]: Leaving directory `/build/buildd-fastx-toolkit_0.0.13.1-1-kfreebsd-amd64-Tv9c_A/fastx-toolkit-0.0.13.1/galaxy/tools'
make[3]: Leaving directory `/build/buildd-fastx-toolkit_0.0.13.1-1-kfreebsd-amd64-Tv9c_A/fastx-toolkit-0.0.13.1/galaxy/tools'
Making install in test-data
make[3]: Entering directory `/build/buildd-fastx-toolkit_0.0.13.1-1-kfreebsd-amd64-Tv9c_A/fastx-toolkit-0.0.13.1/galaxy/test-data'
make[4]: Entering directory `/build/buildd-fastx-toolkit_0.0.13.1-1-kfreebsd-amd64-Tv9c_A/fastx-toolkit-0.0.13.1/galaxy/test-data'
make[4]: Nothing to be done for `install-exec-am'.
make[4]: Nothing to be done for `install-data-am'.
make[4]: Leaving directory `/build/buildd-fastx-toolkit_0.0.13.1-1-kfreebsd-amd64-Tv9c_A/fastx-toolkit-0.0.13.1/galaxy/test-data'
make[3]: Leaving directory `/build/buildd-fastx-toolkit_0.0.13.1-1-kfreebsd-amd64-Tv9c_A/fastx-toolkit-0.0.13.1/galaxy/test-data'
Making install in static
make[3]: Entering directory `/build/buildd-fastx-toolkit_0.0.13.1-1-kfreebsd-amd64-Tv9c_A/fastx-toolkit-0.0.13.1/galaxy/static'
Making install in fastx_icons
make[4]: Entering directory `/build/buildd-fastx-toolkit_0.0.13.1-1-kfreebsd-amd64-Tv9c_A/fastx-toolkit-0.0.13.1/galaxy/static/fastx_icons'
make[5]: Entering directory `/build/buildd-fastx-toolkit_0.0.13.1-1-kfreebsd-amd64-Tv9c_A/fastx-toolkit-0.0.13.1/galaxy/static/fastx_icons'
make[5]: Nothing to be done for `install-exec-am'.
make[5]: Nothing to be done for `install-data-am'.
make[5]: Leaving directory `/build/buildd-fastx-toolkit_0.0.13.1-1-kfreebsd-amd64-Tv9c_A/fastx-toolkit-0.0.13.1/galaxy/static/fastx_icons'
make[4]: Leaving directory `/build/buildd-fastx-toolkit_0.0.13.1-1-kfreebsd-amd64-Tv9c_A/fastx-toolkit-0.0.13.1/galaxy/static/fastx_icons'
make[4]: Entering directory `/build/buildd-fastx-toolkit_0.0.13.1-1-kfreebsd-amd64-Tv9c_A/fastx-toolkit-0.0.13.1/galaxy/static'
make[5]: Entering directory `/build/buildd-fastx-toolkit_0.0.13.1-1-kfreebsd-amd64-Tv9c_A/fastx-toolkit-0.0.13.1/galaxy/static'
make[5]: Nothing to be done for `install-exec-am'.
make[5]: Nothing to be done for `install-data-am'.
make[5]: Leaving directory `/build/buildd-fastx-toolkit_0.0.13.1-1-kfreebsd-amd64-Tv9c_A/fastx-toolkit-0.0.13.1/galaxy/static'
make[4]: Leaving directory `/build/buildd-fastx-toolkit_0.0.13.1-1-kfreebsd-amd64-Tv9c_A/fastx-toolkit-0.0.13.1/galaxy/static'
make[3]: Leaving directory `/build/buildd-fastx-toolkit_0.0.13.1-1-kfreebsd-amd64-Tv9c_A/fastx-toolkit-0.0.13.1/galaxy/static'
Making install in tool-data
make[3]: Entering directory `/build/buildd-fastx-toolkit_0.0.13.1-1-kfreebsd-amd64-Tv9c_A/fastx-toolkit-0.0.13.1/galaxy/tool-data'
make[4]: Entering directory `/build/buildd-fastx-toolkit_0.0.13.1-1-kfreebsd-amd64-Tv9c_A/fastx-toolkit-0.0.13.1/galaxy/tool-data'
make[4]: Nothing to be done for `install-exec-am'.
make[4]: Nothing to be done for `install-data-am'.
make[4]: Leaving directory `/build/buildd-fastx-toolkit_0.0.13.1-1-kfreebsd-amd64-Tv9c_A/fastx-toolkit-0.0.13.1/galaxy/tool-data'
make[3]: Leaving directory `/build/buildd-fastx-toolkit_0.0.13.1-1-kfreebsd-amd64-Tv9c_A/fastx-toolkit-0.0.13.1/galaxy/tool-data'
make[3]: Entering directory `/build/buildd-fastx-toolkit_0.0.13.1-1-kfreebsd-amd64-Tv9c_A/fastx-toolkit-0.0.13.1/galaxy'
make[4]: Entering directory `/build/buildd-fastx-toolkit_0.0.13.1-1-kfreebsd-amd64-Tv9c_A/fastx-toolkit-0.0.13.1/galaxy'
make[4]: Nothing to be done for `install-exec-am'.
make[4]: Nothing to be done for `install-data-am'.
make[4]: Leaving directory `/build/buildd-fastx-toolkit_0.0.13.1-1-kfreebsd-amd64-Tv9c_A/fastx-toolkit-0.0.13.1/galaxy'
make[3]: Leaving directory `/build/buildd-fastx-toolkit_0.0.13.1-1-kfreebsd-amd64-Tv9c_A/fastx-toolkit-0.0.13.1/galaxy'
make[2]: Leaving directory `/build/buildd-fastx-toolkit_0.0.13.1-1-kfreebsd-amd64-Tv9c_A/fastx-toolkit-0.0.13.1/galaxy'
Making install in scripts
make[2]: Entering directory `/build/buildd-fastx-toolkit_0.0.13.1-1-kfreebsd-amd64-Tv9c_A/fastx-toolkit-0.0.13.1/scripts'
make[3]: Entering directory `/build/buildd-fastx-toolkit_0.0.13.1-1-kfreebsd-amd64-Tv9c_A/fastx-toolkit-0.0.13.1/scripts'
test -z "/usr/bin" || /bin/mkdir -p "/build/buildd-fastx-toolkit_0.0.13.1-1-kfreebsd-amd64-Tv9c_A/fastx-toolkit-0.0.13.1/debian/fastx-toolkit//usr/bin"
 /usr/bin/install -c 'fastx_barcode_splitter.pl' '/build/buildd-fastx-toolkit_0.0.13.1-1-kfreebsd-amd64-Tv9c_A/fastx-toolkit-0.0.13.1/debian/fastx-toolkit//usr/bin/fastx_barcode_splitter.pl'
 /usr/bin/install -c 'fastx_nucleotide_distribution_graph.sh' '/build/buildd-fastx-toolkit_0.0.13.1-1-kfreebsd-amd64-Tv9c_A/fastx-toolkit-0.0.13.1/debian/fastx-toolkit//usr/bin/fastx_nucleotide_distribution_graph.sh'
 /usr/bin/install -c 'fastx_nucleotide_distribution_line_graph.sh' '/build/buildd-fastx-toolkit_0.0.13.1-1-kfreebsd-amd64-Tv9c_A/fastx-toolkit-0.0.13.1/debian/fastx-toolkit//usr/bin/fastx_nucleotide_distribution_line_graph.sh'
 /usr/bin/install -c 'fastq_quality_boxplot_graph.sh' '/build/buildd-fastx-toolkit_0.0.13.1-1-kfreebsd-amd64-Tv9c_A/fastx-toolkit-0.0.13.1/debian/fastx-toolkit//usr/bin/fastq_quality_boxplot_graph.sh'
 /usr/bin/install -c 'fasta_clipping_histogram.pl' '/build/buildd-fastx-toolkit_0.0.13.1-1-kfreebsd-amd64-Tv9c_A/fastx-toolkit-0.0.13.1/debian/fastx-toolkit//usr/bin/fasta_clipping_histogram.pl'
make[3]: Nothing to be done for `install-data-am'.
make[3]: Leaving directory `/build/buildd-fastx-toolkit_0.0.13.1-1-kfreebsd-amd64-Tv9c_A/fastx-toolkit-0.0.13.1/scripts'
make[2]: Leaving directory `/build/buildd-fastx-toolkit_0.0.13.1-1-kfreebsd-amd64-Tv9c_A/fastx-toolkit-0.0.13.1/scripts'
Making install in build_scripts
make[2]: Entering directory `/build/buildd-fastx-toolkit_0.0.13.1-1-kfreebsd-amd64-Tv9c_A/fastx-toolkit-0.0.13.1/build_scripts'
make[3]: Entering directory `/build/buildd-fastx-toolkit_0.0.13.1-1-kfreebsd-amd64-Tv9c_A/fastx-toolkit-0.0.13.1/build_scripts'
make[3]: Nothing to be done for `install-exec-am'.
make[3]: Nothing to be done for `install-data-am'.
make[3]: Leaving directory `/build/buildd-fastx-toolkit_0.0.13.1-1-kfreebsd-amd64-Tv9c_A/fastx-toolkit-0.0.13.1/build_scripts'
make[2]: Leaving directory `/build/buildd-fastx-toolkit_0.0.13.1-1-kfreebsd-amd64-Tv9c_A/fastx-toolkit-0.0.13.1/build_scripts'
make[2]: Entering directory `/build/buildd-fastx-toolkit_0.0.13.1-1-kfreebsd-amd64-Tv9c_A/fastx-toolkit-0.0.13.1'
make[3]: Entering directory `/build/buildd-fastx-toolkit_0.0.13.1-1-kfreebsd-amd64-Tv9c_A/fastx-toolkit-0.0.13.1'
make[3]: Nothing to be done for `install-exec-am'.
make[3]: Nothing to be done for `install-data-am'.
make[3]: Leaving directory `/build/buildd-fastx-toolkit_0.0.13.1-1-kfreebsd-amd64-Tv9c_A/fastx-toolkit-0.0.13.1'
make[2]: Leaving directory `/build/buildd-fastx-toolkit_0.0.13.1-1-kfreebsd-amd64-Tv9c_A/fastx-toolkit-0.0.13.1'
make[1]: Leaving directory `/build/buildd-fastx-toolkit_0.0.13.1-1-kfreebsd-amd64-Tv9c_A/fastx-toolkit-0.0.13.1'
touch debian/stamp-makefile-install
Adding cdbs dependencies to debian/fastx-toolkit.substvars
dh_installdirs -pfastx-toolkit 
rm --recursive /build/buildd-fastx-toolkit_0.0.13.1-1-kfreebsd-amd64-Tv9c_A/fastx-toolkit-0.0.13.1/debian/fastx-toolkit/usr/share/aclocal
dh_installdocs -pfastx-toolkit ./README ./NEWS ./AUTHORS ./THANKS 
dh_installexamples -pfastx-toolkit 
dh_installman -pfastx-toolkit  
dh_installinfo -pfastx-toolkit  
dh_installmenu -pfastx-toolkit 
dh_installcron -pfastx-toolkit 
dh_installinit -pfastx-toolkit  
dh_installdebconf -pfastx-toolkit 
dh_installemacsen -pfastx-toolkit   
dh_installcatalogs -pfastx-toolkit 
dh_installpam -pfastx-toolkit 
dh_installlogrotate -pfastx-toolkit 
dh_installlogcheck -pfastx-toolkit 
dh_installchangelogs -pfastx-toolkit  NEWS 
dh_installudev -pfastx-toolkit 
dh_lintian -pfastx-toolkit 
dh_bugfiles -pfastx-toolkit 
dh_install -pfastx-toolkit  
dh_link -pfastx-toolkit  
dh_installmime -pfastx-toolkit 
dh_installgsettings -pfastx-toolkit 
dh_strip -pfastx-toolkit  
dh_compress -pfastx-toolkit  
dh_fixperms -pfastx-toolkit  
dh_makeshlibs -pfastx-toolkit  
dh_installdeb -pfastx-toolkit 
dh_perl -pfastx-toolkit 
dh_shlibdeps -pfastx-toolkit    
dh_gencontrol -pfastx-toolkit  
dpkg-gencontrol: warning: package fastx-toolkit: unused substitution variable ${perl:Depends}
dh_md5sums -pfastx-toolkit 
dh_builddeb -pfastx-toolkit 
dpkg-deb: building package `fastx-toolkit' in `../fastx-toolkit_0.0.13.1-1_kfreebsd-amd64.deb'.
 dpkg-genchanges -B -mkfreebsd-amd64 Build Daemon (fano) <buildd_kfreebsd-amd64-fano@buildd.debian.org> >../fastx-toolkit_0.0.13.1-1_kfreebsd-amd64.changes
dpkg-genchanges: arch-specific upload - not including arch-independent packages
dpkg-genchanges: binary-only upload - not including any source code
 dpkg-source --after-build fastx-toolkit-0.0.13.1
dpkg-buildpackage: binary only upload (no source included)
────────────────────────────────────────────────────────────────────────────────
Build finished at 20110708-0512

fastx-toolkit_0.0.13.1-1_kfreebsd-amd64.changes:
Format: 1.8
Date: Fri, 08 Jul 2011 13:11:37 +0900
Source: fastx-toolkit
Binary: fastx-toolkit
Architecture: kfreebsd-amd64
Version: 0.0.13.1-1
Distribution: sid
Urgency: low
Maintainer: kfreebsd-amd64 Build Daemon (fano) <buildd_kfreebsd-amd64-fano@buildd.debian.org>
Changed-By: Charles Plessy <plessy@debian.org>
Description: 
 fastx-toolkit - FASTQ/A short nucleotide reads pre-processing tools
Closes: 626761
Changes: 
 fastx-toolkit (0.0.13.1-1) unstable; urgency=low
 .
   * New upstream release (Closes: #626761).
   * Incremented Standards-Version to reflect conformance with Policy 3.9.2
     (debian/control, no changes needed).
   * Corrected Vcs-Git URL (debian/control).
Checksums-Sha1: 
 ee1fea8e69fddbe3cd6a55154c07b22b935375ce 101502 fastx-toolkit_0.0.13.1-1_kfreebsd-amd64.deb
Checksums-Sha256: 
 7423c2ff9d0b97dde73c54d1a44c50ffc4e61554b6b844ea55fcb9fd758a7f71 101502 fastx-toolkit_0.0.13.1-1_kfreebsd-amd64.deb
Files: 
 61cedc11b65191ab2539fe0e7b781a45 101502 science optional fastx-toolkit_0.0.13.1-1_kfreebsd-amd64.deb

┌──────────────────────────────────────────────────────────────────────────────┐
│ Package contents                                                             │
└──────────────────────────────────────────────────────────────────────────────┘


fastx-toolkit_0.0.13.1-1_kfreebsd-amd64.deb
───────────────────────────────────────────

 new debian package, version 2.0.
 size 101502 bytes: control archive= 1609 bytes.
    1050 bytes,    19 lines      control              
    1798 bytes,    27 lines      md5sums              
 Package: fastx-toolkit
 Version: 0.0.13.1-1
 Architecture: kfreebsd-amd64
 Maintainer: Debian Med Packaging Team <debian-med-packaging@lists.alioth.debian.org>
 Installed-Size: 400
 Depends: libc0.1 (>= 2.3), libgcc1 (>= 1:4.1.1), libgtextutils0 (>= 0.6.2), libstdc++6 (>= 4.6)
 Section: science
 Priority: optional
 Homepage: http://hannonlab.cshl.edu/fastx_toolkit/
 Description: FASTQ/A short nucleotide reads pre-processing tools
  The FASTX-Toolkit is a collection of command line tools for preprocessing
  short nucleotide reads in FASTA and FASTQ formats, usually produced by
  Next-Generation sequencing machines. The main processing of such FASTA/FASTQ
  files is mapping (aligning) the sequences to reference genomes or other
  databases using specialized programs like BWA, Bowtie and many others.
  However, it is sometimes more productive to preprocess the FASTA/FASTQ files
  before mapping the sequences to the genome—manipulating the sequences to
  produce better mapping results. The FASTX-Toolkit tools perform some of these
  preprocessing tasks.

drwxr-xr-x root/root         0 2011-07-08 05:12 ./
drwxr-xr-x root/root         0 2011-07-08 05:12 ./usr/
drwxr-xr-x root/root         0 2011-07-08 05:12 ./usr/share/
drwxr-xr-x root/root         0 2011-07-08 05:12 ./usr/share/doc/
drwxr-xr-x root/root         0 2011-07-08 05:12 ./usr/share/doc/fastx-toolkit/
-rw-r--r-- root/root       306 2011-07-08 04:11 ./usr/share/doc/fastx-toolkit/changelog.Debian.gz
-rw-r--r-- root/root       372 2010-01-29 22:32 ./usr/share/doc/fastx-toolkit/THANKS
-rw-r--r-- root/root       121 2008-12-26 18:51 ./usr/share/doc/fastx-toolkit/AUTHORS
-rw-r--r-- root/root     37672 2011-07-08 03:55 ./usr/share/doc/fastx-toolkit/copyright
-rw-r--r-- root/root       425 2010-01-29 22:32 ./usr/share/doc/fastx-toolkit/changelog.gz
-rw-r--r-- root/root       425 2010-01-29 22:32 ./usr/share/doc/fastx-toolkit/NEWS.gz
-rw-r--r-- root/root      3728 2009-01-20 07:06 ./usr/share/doc/fastx-toolkit/README.gz
drwxr-xr-x root/root         0 2011-07-08 05:12 ./usr/bin/
-rwxr-xr-x root/root     50544 2011-07-08 05:12 ./usr/bin/fastx_clipper
-rwxr-xr-x root/root     15712 2011-07-08 05:12 ./usr/bin/fastx_trimmer
-rwxr-xr-x root/root     19224 2011-07-08 05:12 ./usr/bin/fastx_quality_stats
-rwxr-xr-x root/root     15048 2011-07-08 05:12 ./usr/bin/fastq_quality_converter
-rwxr-xr-x root/root     15056 2011-07-08 05:12 ./usr/bin/fastq_to_fasta
-rwxr-xr-x root/root     15392 2011-07-08 05:12 ./usr/bin/fastq_quality_filter
-rwxr-xr-x root/root     15440 2011-07-08 05:12 ./usr/bin/fastq_quality_trimmer
-rwxr-xr-x root/root     15040 2011-07-08 05:12 ./usr/bin/fastx_artifacts_filter
-rwxr-xr-x root/root     15048 2011-07-08 05:12 ./usr/bin/fastx_reverse_complement
-rwxr-xr-x root/root     24224 2011-07-08 05:12 ./usr/bin/fastx_collapser
-rwxr-xr-x root/root     27960 2011-07-08 05:12 ./usr/bin/fastx_uncollapser
-rwxr-xr-x root/root     15888 2011-07-08 05:12 ./usr/bin/fasta_formatter
-rwxr-xr-x root/root     15040 2011-07-08 05:12 ./usr/bin/fasta_nucleotide_changer
-rwxr-xr-x root/root     15056 2011-07-08 05:12 ./usr/bin/fastx_renamer
-rwxr-xr-x root/root     15168 2011-07-08 05:12 ./usr/bin/fastq_masker
-rwxr-xr-x root/root     13925 2011-07-08 05:12 ./usr/bin/fastx_barcode_splitter.pl
-rwxr-xr-x root/root      5896 2011-07-08 05:12 ./usr/bin/fastx_nucleotide_distribution_graph.sh
-rwxr-xr-x root/root      6069 2011-07-08 05:12 ./usr/bin/fastx_nucleotide_distribution_line_graph.sh
-rwxr-xr-x root/root      5380 2011-07-08 05:12 ./usr/bin/fastq_quality_boxplot_graph.sh
-rwxr-xr-x root/root      2764 2011-07-08 05:12 ./usr/bin/fasta_clipping_histogram.pl


┌──────────────────────────────────────────────────────────────────────────────┐
│ Finished                                                                     │
└──────────────────────────────────────────────────────────────────────────────┘

Built successfully
────────────────────────────────────────────────────────────────────────────────

┌──────────────────────────────────────────────────────────────────────────────┐
│ Post Build                                                                   │
└──────────────────────────────────────────────────────────────────────────────┘

Purging /var/lib/schroot/mount/sid-ka-sbuild-1310101852-15300/build/buildd-fastx-toolkit_0.0.13.1-1-kfreebsd-amd64-Tv9c_A
Reading package lists...
Building dependency tree...
Reading state information...
0 upgraded, 0 newly installed, 0 to remove and 0 not upgraded.
Reading package lists...
Building dependency tree...
Reading state information...
The following packages will be REMOVED:
  autotools-dev* cdbs* debhelper* file* gettext* gettext-base* groff-base*
  html2text* intltool-debian* libcroco3* libglib2.0-0* libgtextutils-dev*
  libgtextutils0* libmagic1* libpcre3* libpipeline1* libpopt0* libunistring0*
  libxml2* man-db* pkg-config* po-debconf*
0 upgraded, 0 newly installed, 22 to remove and 0 not upgraded.
After this operation, 26.3 MB disk space will be freed.
(Reading database ... 13622 files and directories currently installed.)
Removing autotools-dev ...
Removing cdbs ...
Removing debhelper ...
Removing file ...
Removing po-debconf ...
Removing intltool-debian ...
Removing gettext ...
Removing gettext-base ...
Removing man-db ...
Purging configuration files for man-db ...
Removing groff-base ...
Purging configuration files for groff-base ...
Removing html2text ...
Purging configuration files for html2text ...
Removing libcroco3 ...
Purging configuration files for libcroco3 ...
Removing pkg-config ...
Removing libglib2.0-0 ...
Purging configuration files for libglib2.0-0 ...
Removing libgtextutils-dev ...
Removing libgtextutils0 ...
Purging configuration files for libgtextutils0 ...
Removing libmagic1 ...
Purging configuration files for libmagic1 ...
Removing libpcre3 ...
Purging configuration files for libpcre3 ...
Removing libpipeline1 ...
Purging configuration files for libpipeline1 ...
Removing libpopt0 ...
Purging configuration files for libpopt0 ...
Removing libunistring0 ...
Purging configuration files for libunistring0 ...
Removing libxml2 ...
Purging configuration files for libxml2 ...

┌──────────────────────────────────────────────────────────────────────────────┐
│ Summary                                                                      │
└──────────────────────────────────────────────────────────────────────────────┘

Architecture: kfreebsd-amd64
Build-Space: 10076
Build-Time: 53
Distribution: sid
Install-Time: 37
Job: fastx-toolkit_0.0.13.1-1
Package: fastx-toolkit
Package-Time: 117
Source-Version: 0.0.13.1-1
Space: 10076
Status: successful
Version: 0.0.13.1-1
────────────────────────────────────────────────────────────────────────────────
Finished at 20110708-0512
Build needed 00:01:57, 10076k disc space
Signature with key '91116966' requested:
